2024-03-21 18:44:25.142  INFO 18164 --- [main] com.shou.hpsys.HpsysApplication          : Starting HpsysApplication using Java 1.8.0_402 on HYH with PID 18164 (E:\PROGRAM_SAVE\IDEA\hpsys\target\classes started by 27121 in E:\PROGRAM_SAVE\IDEA\hpsys)
2024-03-21 18:44:25.194  INFO 18164 --- [main] com.shou.hpsys.HpsysApplication          : The following 1 profile is active: "dev"
2024-03-21 18:44:28.073  INFO 18164 --- [main] .s.d.r.c.RepositoryConfigurationDelegate : Multiple Spring Data modules found, entering strict repository configuration mode!
2024-03-21 18:44:28.077  INFO 18164 --- [main] .s.d.r.c.RepositoryConfigurationDelegate : Bootstrapping Spring Data Redis repositories in DEFAULT mode.
2024-03-21 18:44:28.190  INFO 18164 --- [main] .s.d.r.c.RepositoryConfigurationDelegate : Finished Spring Data repository scanning in 37 ms. Found 0 Redis repository interfaces.
2024-03-21 18:44:30.204  INFO 18164 --- [main] o.s.b.w.embedded.tomcat.TomcatWebServer  : Tomcat initialized with port(s): 82 (http)
2024-03-21 18:44:30.216  INFO 18164 --- [main] o.apache.catalina.core.StandardService   : Starting service [Tomcat]
2024-03-21 18:44:30.216  INFO 18164 --- [main] org.apache.catalina.core.StandardEngine  : Starting Servlet engine: [Apache Tomcat/9.0.60]
2024-03-21 18:44:30.495  INFO 18164 --- [main] o.a.c.c.C.[Tomcat].[localhost].[/]       : Initializing Spring embedded WebApplicationContext
2024-03-21 18:44:30.495  INFO 18164 --- [main] w.s.c.ServletWebServerApplicationContext : Root WebApplicationContext: initialization completed in 5139 ms
2024-03-21 18:44:31.714  INFO 18164 --- [main] c.a.d.s.b.a.DruidDataSourceAutoConfigure : Init DruidDataSource
2024-03-21 18:44:34.369  INFO 18164 --- [main] com.alibaba.druid.pool.DruidDataSource   : {dataSource-1} inited
2024-03-21 18:44:35.690  INFO 18164 --- [main] o.s.b.a.w.s.WelcomePageHandlerMapping    : Adding welcome page: class path resource [static/index.html]
2024-03-21 18:44:35.839  INFO 18164 --- [main] com.fhs.common.spring.SpringContextUtil  : ------SpringContextUtil setApplicationContext-------
2024-03-21 18:44:36.701  INFO 18164 --- [main] o.s.b.w.embedded.tomcat.TomcatWebServer  : Tomcat started on port(s): 82 (http) with context path ''
2024-03-21 18:44:37.047  INFO 18164 --- [main] com.shou.hpsys.HpsysApplication          : Started HpsysApplication in 14.296 seconds (JVM running for 16.728)
2024-03-21 18:44:37.055  INFO 18164 --- [main] com.shou.hpsys.HpsysApplication          : >>> HPSYSAPPLICATION STARTING SUCCESS
2024-03-21 18:45:15.751  INFO 18164 --- [http-nio-82-exec-1] o.a.c.c.C.[Tomcat].[localhost].[/]       : Initializing Spring DispatcherServlet 'dispatcherServlet'
2024-03-21 18:45:15.751  INFO 18164 --- [http-nio-82-exec-1] o.s.web.servlet.DispatcherServlet        : Initializing Servlet 'dispatcherServlet'
2024-03-21 18:45:15.752  INFO 18164 --- [http-nio-82-exec-1] o.s.web.servlet.DispatcherServlet        : Completed initialization in 1 ms
2024-03-21 18:45:16.414  WARN 18164 --- [http-nio-82-exec-6] .w.s.m.s.DefaultHandlerExceptionResolver : Resolved [org.springframework.http.converter.HttpMessageNotReadableException: JSON parse error: Cannot deserialize value of type `java.lang.String` from Object value (token `JsonToken.START_OBJECT`); nested exception is com.fasterxml.jackson.databind.exc.MismatchedInputException: Cannot deserialize value of type `java.lang.String` from Object value (token `JsonToken.START_OBJECT`)<EOL> at [Source: (org.springframework.util.StreamUtils$NonClosingInputStream); line: 1, column: 31] (through reference chain: com.shou.hpsys.web.login.param.LoginAccountPasswordLoginParam["password"])]
2024-03-21 18:48:06.998  WARN 18164 --- [http-nio-82-exec-8] .w.s.m.s.DefaultHandlerExceptionResolver : Resolved [org.springframework.http.converter.HttpMessageNotReadableException: JSON parse error: Cannot deserialize value of type `java.lang.String` from Object value (token `JsonToken.START_OBJECT`); nested exception is com.fasterxml.jackson.databind.exc.MismatchedInputException: Cannot deserialize value of type `java.lang.String` from Object value (token `JsonToken.START_OBJECT`)<EOL> at [Source: (org.springframework.util.StreamUtils$NonClosingInputStream); line: 1, column: 31] (through reference chain: com.shou.hpsys.web.login.param.LoginAccountPasswordLoginParam["password"])]
2024-03-21 18:48:08.616  WARN 18164 --- [http-nio-82-exec-3] .w.s.m.s.DefaultHandlerExceptionResolver : Resolved [org.springframework.http.converter.HttpMessageNotReadableException: JSON parse error: Cannot deserialize value of type `java.lang.String` from Object value (token `JsonToken.START_OBJECT`); nested exception is com.fasterxml.jackson.databind.exc.MismatchedInputException: Cannot deserialize value of type `java.lang.String` from Object value (token `JsonToken.START_OBJECT`)<EOL> at [Source: (org.springframework.util.StreamUtils$NonClosingInputStream); line: 1, column: 31] (through reference chain: com.shou.hpsys.web.login.param.LoginAccountPasswordLoginParam["password"])]
2024-03-21 18:53:22.145  WARN 18164 --- [http-nio-82-exec-5] c.a.druid.pool.DruidAbstractDataSource   : discard long time none received connection. , jdbcUrl : jdbc:mysql://127.0.0.1:3306/hpsys?characterEncoding=utf8&serverTimezone=Asia/Shanghai&useUnicode=true, version : 1.2.8, lastPacketReceivedIdleMillis : 527617
2024-03-21 18:53:22.152  WARN 18164 --- [http-nio-82-exec-5] c.a.druid.pool.DruidAbstractDataSource   : discard long time none received connection. , jdbcUrl : jdbc:mysql://127.0.0.1:3306/hpsys?characterEncoding=utf8&serverTimezone=Asia/Shanghai&useUnicode=true, version : 1.2.8, lastPacketReceivedIdleMillis : 527825
2024-03-21 18:53:22.157  WARN 18164 --- [http-nio-82-exec-5] c.a.druid.pool.DruidAbstractDataSource   : discard long time none received connection. , jdbcUrl : jdbc:mysql://127.0.0.1:3306/hpsys?characterEncoding=utf8&serverTimezone=Asia/Shanghai&useUnicode=true, version : 1.2.8, lastPacketReceivedIdleMillis : 527863
2024-03-21 18:53:22.160  WARN 18164 --- [http-nio-82-exec-5] c.a.druid.pool.DruidAbstractDataSource   : discard long time none received connection. , jdbcUrl : jdbc:mysql://127.0.0.1:3306/hpsys?characterEncoding=utf8&serverTimezone=Asia/Shanghai&useUnicode=true, version : 1.2.8, lastPacketReceivedIdleMillis : 527890
2024-03-21 18:53:22.163  WARN 18164 --- [http-nio-82-exec-5] c.a.druid.pool.DruidAbstractDataSource   : discard long time none received connection. , jdbcUrl : jdbc:mysql://127.0.0.1:3306/hpsys?characterEncoding=utf8&serverTimezone=Asia/Shanghai&useUnicode=true, version : 1.2.8, lastPacketReceivedIdleMillis : 527976
2024-03-21 18:53:24.100 ERROR 18164 --- [http-nio-82-exec-5] o.a.c.c.C.[.[.[/].[dispatcherServlet]    : Servlet.service() for servlet [dispatcherServlet] in context with path [] threw exception [Request processing failed; nested exception is com.shou.hpsys.common.exception.CommonException: 账号错误] with root cause

com.shou.hpsys.common.exception.CommonException: 账号错误
	at com.shou.hpsys.web.login.service.impl.LoginServiceImpl.doLogin(LoginServiceImpl.java:49)
	at com.shou.hpsys.web.login.controller.LoginController.doLogin(LoginController.java:39)
	at sun.reflect.NativeMethodAccessorImpl.invoke0(Native Method)
	at sun.reflect.NativeMethodAccessorImpl.invoke(NativeMethodAccessorImpl.java:62)
	at sun.reflect.DelegatingMethodAccessorImpl.invoke(DelegatingMethodAccessorImpl.java:43)
	at java.lang.reflect.Method.invoke(Method.java:498)
	at org.springframework.web.method.support.InvocableHandlerMethod.doInvoke(InvocableHandlerMethod.java:205)
	at org.springframework.web.method.support.InvocableHandlerMethod.invokeForRequest(InvocableHandlerMethod.java:150)
	at org.springframework.web.servlet.mvc.method.annotation.ServletInvocableHandlerMethod.invokeAndHandle(ServletInvocableHandlerMethod.java:117)
	at org.springframework.web.servlet.mvc.method.annotation.RequestMappingHandlerAdapter.invokeHandlerMethod(RequestMappingHandlerAdapter.java:895)
	at org.springframework.web.servlet.mvc.method.annotation.RequestMappingHandlerAdapter.handleInternal(RequestMappingHandlerAdapter.java:808)
	at org.springframework.web.servlet.mvc.method.AbstractHandlerMethodAdapter.handle(AbstractHandlerMethodAdapter.java:87)
	at org.springframework.web.servlet.DispatcherServlet.doDispatch(DispatcherServlet.java:1067)
	at org.springframework.web.servlet.DispatcherServlet.doService(DispatcherServlet.java:963)
	at org.springframework.web.servlet.FrameworkServlet.processRequest(FrameworkServlet.java:1006)
	at org.springframework.web.servlet.FrameworkServlet.doPost(FrameworkServlet.java:909)
	at javax.servlet.http.HttpServlet.service(HttpServlet.java:681)
	at org.springframework.web.servlet.FrameworkServlet.service(FrameworkServlet.java:883)
	at javax.servlet.http.HttpServlet.service(HttpServlet.java:764)
	at org.apache.catalina.core.ApplicationFilterChain.internalDoFilter(ApplicationFilterChain.java:227)
	at org.apache.catalina.core.ApplicationFilterChain.doFilter(ApplicationFilterChain.java:162)
	at org.apache.tomcat.websocket.server.WsFilter.doFilter(WsFilter.java:53)
	at org.apache.catalina.core.ApplicationFilterChain.internalDoFilter(ApplicationFilterChain.java:189)
	at org.apache.catalina.core.ApplicationFilterChain.doFilter(ApplicationFilterChain.java:162)
	at org.springframework.web.filter.RequestContextFilter.doFilterInternal(RequestContextFilter.java:100)
	at org.springframework.web.filter.OncePerRequestFilter.doFilter(OncePerRequestFilter.java:117)
	at org.apache.catalina.core.ApplicationFilterChain.internalDoFilter(ApplicationFilterChain.java:189)
	at org.apache.catalina.core.ApplicationFilterChain.doFilter(ApplicationFilterChain.java:162)
	at org.springframework.web.filter.FormContentFilter.doFilterInternal(FormContentFilter.java:93)
	at org.springframework.web.filter.OncePerRequestFilter.doFilter(OncePerRequestFilter.java:117)
	at org.apache.catalina.core.ApplicationFilterChain.internalDoFilter(ApplicationFilterChain.java:189)
	at org.apache.catalina.core.ApplicationFilterChain.doFilter(ApplicationFilterChain.java:162)
	at org.springframework.web.filter.CharacterEncodingFilter.doFilterInternal(CharacterEncodingFilter.java:201)
	at org.springframework.web.filter.OncePerRequestFilter.doFilter(OncePerRequestFilter.java:117)
	at org.apache.catalina.core.ApplicationFilterChain.internalDoFilter(ApplicationFilterChain.java:189)
	at org.apache.catalina.core.ApplicationFilterChain.doFilter(ApplicationFilterChain.java:162)
	at org.apache.catalina.core.StandardWrapperValve.invoke(StandardWrapperValve.java:197)
	at org.apache.catalina.core.StandardContextValve.invoke(StandardContextValve.java:97)
	at org.apache.catalina.authenticator.AuthenticatorBase.invoke(AuthenticatorBase.java:541)
	at org.apache.catalina.core.StandardHostValve.invoke(StandardHostValve.java:135)
	at org.apache.catalina.valves.ErrorReportValve.invoke(ErrorReportValve.java:92)
	at org.apache.catalina.core.StandardEngineValve.invoke(StandardEngineValve.java:78)
	at org.apache.catalina.connector.CoyoteAdapter.service(CoyoteAdapter.java:360)
	at org.apache.coyote.http11.Http11Processor.service(Http11Processor.java:399)
	at org.apache.coyote.AbstractProcessorLight.process(AbstractProcessorLight.java:65)
	at org.apache.coyote.AbstractProtocol$ConnectionHandler.process(AbstractProtocol.java:889)
	at org.apache.tomcat.util.net.NioEndpoint$SocketProcessor.doRun(NioEndpoint.java:1743)
	at org.apache.tomcat.util.net.SocketProcessorBase.run(SocketProcessorBase.java:49)
	at org.apache.tomcat.util.threads.ThreadPoolExecutor.runWorker(ThreadPoolExecutor.java:1191)
	at org.apache.tomcat.util.threads.ThreadPoolExecutor$Worker.run(ThreadPoolExecutor.java:659)
	at org.apache.tomcat.util.threads.TaskThread$WrappingRunnable.run(TaskThread.java:61)
	at java.lang.Thread.run(Thread.java:750)

2024-03-21 18:56:13.091  WARN 18164 --- [http-nio-82-exec-7] c.a.druid.pool.DruidAbstractDataSource   : discard long time none received connection. , jdbcUrl : jdbc:mysql://127.0.0.1:3306/hpsys?characterEncoding=utf8&serverTimezone=Asia/Shanghai&useUnicode=true, version : 1.2.8, lastPacketReceivedIdleMillis : 169206
2024-03-21 18:56:13.131 ERROR 18164 --- [http-nio-82-exec-7] o.a.c.c.C.[.[.[/].[dispatcherServlet]    : Servlet.service() for servlet [dispatcherServlet] in context with path [] threw exception [Request processing failed; nested exception is com.shou.hpsys.common.exception.CommonException: 账号错误] with root cause

com.shou.hpsys.common.exception.CommonException: 账号错误
	at com.shou.hpsys.web.login.service.impl.LoginServiceImpl.doLogin(LoginServiceImpl.java:49)
	at com.shou.hpsys.web.login.controller.LoginController.doLogin(LoginController.java:39)
	at sun.reflect.NativeMethodAccessorImpl.invoke0(Native Method)
	at sun.reflect.NativeMethodAccessorImpl.invoke(NativeMethodAccessorImpl.java:62)
	at sun.reflect.DelegatingMethodAccessorImpl.invoke(DelegatingMethodAccessorImpl.java:43)
	at java.lang.reflect.Method.invoke(Method.java:498)
	at org.springframework.web.method.support.InvocableHandlerMethod.doInvoke(InvocableHandlerMethod.java:205)
	at org.springframework.web.method.support.InvocableHandlerMethod.invokeForRequest(InvocableHandlerMethod.java:150)
	at org.springframework.web.servlet.mvc.method.annotation.ServletInvocableHandlerMethod.invokeAndHandle(ServletInvocableHandlerMethod.java:117)
	at org.springframework.web.servlet.mvc.method.annotation.RequestMappingHandlerAdapter.invokeHandlerMethod(RequestMappingHandlerAdapter.java:895)
	at org.springframework.web.servlet.mvc.method.annotation.RequestMappingHandlerAdapter.handleInternal(RequestMappingHandlerAdapter.java:808)
	at org.springframework.web.servlet.mvc.method.AbstractHandlerMethodAdapter.handle(AbstractHandlerMethodAdapter.java:87)
	at org.springframework.web.servlet.DispatcherServlet.doDispatch(DispatcherServlet.java:1067)
	at org.springframework.web.servlet.DispatcherServlet.doService(DispatcherServlet.java:963)
	at org.springframework.web.servlet.FrameworkServlet.processRequest(FrameworkServlet.java:1006)
	at org.springframework.web.servlet.FrameworkServlet.doPost(FrameworkServlet.java:909)
	at javax.servlet.http.HttpServlet.service(HttpServlet.java:681)
	at org.springframework.web.servlet.FrameworkServlet.service(FrameworkServlet.java:883)
	at javax.servlet.http.HttpServlet.service(HttpServlet.java:764)
	at org.apache.catalina.core.ApplicationFilterChain.internalDoFilter(ApplicationFilterChain.java:227)
	at org.apache.catalina.core.ApplicationFilterChain.doFilter(ApplicationFilterChain.java:162)
	at org.apache.tomcat.websocket.server.WsFilter.doFilter(WsFilter.java:53)
	at org.apache.catalina.core.ApplicationFilterChain.internalDoFilter(ApplicationFilterChain.java:189)
	at org.apache.catalina.core.ApplicationFilterChain.doFilter(ApplicationFilterChain.java:162)
	at org.springframework.web.filter.RequestContextFilter.doFilterInternal(RequestContextFilter.java:100)
	at org.springframework.web.filter.OncePerRequestFilter.doFilter(OncePerRequestFilter.java:117)
	at org.apache.catalina.core.ApplicationFilterChain.internalDoFilter(ApplicationFilterChain.java:189)
	at org.apache.catalina.core.ApplicationFilterChain.doFilter(ApplicationFilterChain.java:162)
	at org.springframework.web.filter.FormContentFilter.doFilterInternal(FormContentFilter.java:93)
	at org.springframework.web.filter.OncePerRequestFilter.doFilter(OncePerRequestFilter.java:117)
	at org.apache.catalina.core.ApplicationFilterChain.internalDoFilter(ApplicationFilterChain.java:189)
	at org.apache.catalina.core.ApplicationFilterChain.doFilter(ApplicationFilterChain.java:162)
	at org.springframework.web.filter.CharacterEncodingFilter.doFilterInternal(CharacterEncodingFilter.java:201)
	at org.springframework.web.filter.OncePerRequestFilter.doFilter(OncePerRequestFilter.java:117)
	at org.apache.catalina.core.ApplicationFilterChain.internalDoFilter(ApplicationFilterChain.java:189)
	at org.apache.catalina.core.ApplicationFilterChain.doFilter(ApplicationFilterChain.java:162)
	at org.apache.catalina.core.StandardWrapperValve.invoke(StandardWrapperValve.java:197)
	at org.apache.catalina.core.StandardContextValve.invoke(StandardContextValve.java:97)
	at org.apache.catalina.authenticator.AuthenticatorBase.invoke(AuthenticatorBase.java:541)
	at org.apache.catalina.core.StandardHostValve.invoke(StandardHostValve.java:135)
	at org.apache.catalina.valves.ErrorReportValve.invoke(ErrorReportValve.java:92)
	at org.apache.catalina.core.StandardEngineValve.invoke(StandardEngineValve.java:78)
	at org.apache.catalina.connector.CoyoteAdapter.service(CoyoteAdapter.java:360)
	at org.apache.coyote.http11.Http11Processor.service(Http11Processor.java:399)
	at org.apache.coyote.AbstractProcessorLight.process(AbstractProcessorLight.java:65)
	at org.apache.coyote.AbstractProtocol$ConnectionHandler.process(AbstractProtocol.java:889)
	at org.apache.tomcat.util.net.NioEndpoint$SocketProcessor.doRun(NioEndpoint.java:1743)
	at org.apache.tomcat.util.net.SocketProcessorBase.run(SocketProcessorBase.java:49)
	at org.apache.tomcat.util.threads.ThreadPoolExecutor.runWorker(ThreadPoolExecutor.java:1191)
	at org.apache.tomcat.util.threads.ThreadPoolExecutor$Worker.run(ThreadPoolExecutor.java:659)
	at org.apache.tomcat.util.threads.TaskThread$WrappingRunnable.run(TaskThread.java:61)
	at java.lang.Thread.run(Thread.java:750)

2024-03-21 19:01:28.314  INFO 18164 --- [SpringApplicationShutdownHook] com.alibaba.druid.pool.DruidDataSource   : {dataSource-1} closing ...
2024-03-21 19:01:28.337  INFO 18164 --- [SpringApplicationShutdownHook] com.alibaba.druid.pool.DruidDataSource   : {dataSource-1} closed
2024-03-21 19:56:56.299  INFO 18980 --- [main] com.shou.hpsys.HpsysApplicationTests     : Starting HpsysApplicationTests using Java 1.8.0_402 on HYH with PID 18980 (started by 27121 in E:\PROGRAM_SAVE\IDEA\hpsys)
2024-03-21 19:56:56.378  INFO 18980 --- [main] com.shou.hpsys.HpsysApplicationTests     : The following 1 profile is active: "dev"
2024-03-21 19:56:57.487  INFO 18980 --- [main] .s.d.r.c.RepositoryConfigurationDelegate : Multiple Spring Data modules found, entering strict repository configuration mode!
2024-03-21 19:56:57.491  INFO 18980 --- [main] .s.d.r.c.RepositoryConfigurationDelegate : Bootstrapping Spring Data Redis repositories in DEFAULT mode.
2024-03-21 19:56:57.528  INFO 18980 --- [main] .s.d.r.c.RepositoryConfigurationDelegate : Finished Spring Data repository scanning in 17 ms. Found 0 Redis repository interfaces.
2024-03-21 19:57:00.835  INFO 18980 --- [main] c.a.d.s.b.a.DruidDataSourceAutoConfigure : Init DruidDataSource
2024-03-21 19:57:02.912  INFO 18980 --- [main] com.alibaba.druid.pool.DruidDataSource   : {dataSource-1} inited
2024-03-21 19:57:05.964  INFO 18980 --- [main] o.s.b.a.w.s.WelcomePageHandlerMapping    : Adding welcome page: class path resource [static/index.html]
2024-03-21 19:57:06.433  INFO 18980 --- [main] com.fhs.common.spring.SpringContextUtil  : ------SpringContextUtil setApplicationContext-------
2024-03-21 19:57:07.649  INFO 18980 --- [main] com.shou.hpsys.HpsysApplicationTests     : Started HpsysApplicationTests in 12.346 seconds (JVM running for 13.556)
2024-03-21 19:57:11.996  INFO 18980 --- [SpringApplicationShutdownHook] com.alibaba.druid.pool.DruidDataSource   : {dataSource-1} closing ...
2024-03-21 19:57:12.010  INFO 18980 --- [SpringApplicationShutdownHook] com.alibaba.druid.pool.DruidDataSource   : {dataSource-1} closed
2024-03-21 19:59:40.319  INFO 16328 --- [main] com.shou.hpsys.HpsysApplicationTests     : Starting HpsysApplicationTests using Java 1.8.0_402 on HYH with PID 16328 (started by 27121 in E:\PROGRAM_SAVE\IDEA\hpsys)
2024-03-21 19:59:40.321  INFO 16328 --- [main] com.shou.hpsys.HpsysApplicationTests     : The following 1 profile is active: "dev"
2024-03-21 19:59:41.123  INFO 16328 --- [main] .s.d.r.c.RepositoryConfigurationDelegate : Multiple Spring Data modules found, entering strict repository configuration mode!
2024-03-21 19:59:41.127  INFO 16328 --- [main] .s.d.r.c.RepositoryConfigurationDelegate : Bootstrapping Spring Data Redis repositories in DEFAULT mode.
2024-03-21 19:59:41.156  INFO 16328 --- [main] .s.d.r.c.RepositoryConfigurationDelegate : Finished Spring Data repository scanning in 16 ms. Found 0 Redis repository interfaces.
2024-03-21 19:59:42.452  INFO 16328 --- [main] c.a.d.s.b.a.DruidDataSourceAutoConfigure : Init DruidDataSource
2024-03-21 19:59:43.400  INFO 16328 --- [main] com.alibaba.druid.pool.DruidDataSource   : {dataSource-1} inited
2024-03-21 19:59:45.287  INFO 16328 --- [main] o.s.b.a.w.s.WelcomePageHandlerMapping    : Adding welcome page: class path resource [static/index.html]
2024-03-21 19:59:45.554  INFO 16328 --- [main] com.fhs.common.spring.SpringContextUtil  : ------SpringContextUtil setApplicationContext-------
2024-03-21 19:59:46.422  INFO 16328 --- [main] com.shou.hpsys.HpsysApplicationTests     : Started HpsysApplicationTests in 6.938 seconds (JVM running for 8.124)
2024-03-21 19:59:47.222  INFO 16328 --- [SpringApplicationShutdownHook] com.alibaba.druid.pool.DruidDataSource   : {dataSource-1} closing ...
2024-03-21 19:59:47.239  INFO 16328 --- [SpringApplicationShutdownHook] com.alibaba.druid.pool.DruidDataSource   : {dataSource-1} closed
2024-03-21 20:01:58.051  INFO 18628 --- [main] com.shou.hpsys.HpsysApplicationTests     : Starting HpsysApplicationTests using Java 1.8.0_402 on HYH with PID 18628 (started by 27121 in E:\PROGRAM_SAVE\IDEA\hpsys)
2024-03-21 20:01:58.052  INFO 18628 --- [main] com.shou.hpsys.HpsysApplicationTests     : The following 1 profile is active: "dev"
2024-03-21 20:01:58.876  INFO 18628 --- [main] .s.d.r.c.RepositoryConfigurationDelegate : Multiple Spring Data modules found, entering strict repository configuration mode!
2024-03-21 20:01:58.880  INFO 18628 --- [main] .s.d.r.c.RepositoryConfigurationDelegate : Bootstrapping Spring Data Redis repositories in DEFAULT mode.
2024-03-21 20:01:58.913  INFO 18628 --- [main] .s.d.r.c.RepositoryConfigurationDelegate : Finished Spring Data repository scanning in 17 ms. Found 0 Redis repository interfaces.
2024-03-21 20:02:00.211  INFO 18628 --- [main] c.a.d.s.b.a.DruidDataSourceAutoConfigure : Init DruidDataSource
2024-03-21 20:02:01.249  INFO 18628 --- [main] com.alibaba.druid.pool.DruidDataSource   : {dataSource-1} inited
2024-03-21 20:02:03.219  INFO 18628 --- [main] o.s.b.a.w.s.WelcomePageHandlerMapping    : Adding welcome page: class path resource [static/index.html]
2024-03-21 20:02:03.543  INFO 18628 --- [main] com.fhs.common.spring.SpringContextUtil  : ------SpringContextUtil setApplicationContext-------
2024-03-21 20:02:04.650  INFO 18628 --- [main] com.shou.hpsys.HpsysApplicationTests     : Started HpsysApplicationTests in 7.446 seconds (JVM running for 8.658)
2024-03-21 20:02:06.250  INFO 18628 --- [SpringApplicationShutdownHook] com.alibaba.druid.pool.DruidDataSource   : {dataSource-1} closing ...
2024-03-21 20:02:06.265  INFO 18628 --- [SpringApplicationShutdownHook] com.alibaba.druid.pool.DruidDataSource   : {dataSource-1} closed
2024-03-21 20:08:26.546  INFO 17632 --- [main] com.shou.hpsys.HpsysApplicationTests     : Starting HpsysApplicationTests using Java 1.8.0_402 on HYH with PID 17632 (started by 27121 in E:\PROGRAM_SAVE\IDEA\hpsys)
2024-03-21 20:08:26.548  INFO 17632 --- [main] com.shou.hpsys.HpsysApplicationTests     : The following 1 profile is active: "dev"
2024-03-21 20:08:27.390  INFO 17632 --- [main] .s.d.r.c.RepositoryConfigurationDelegate : Multiple Spring Data modules found, entering strict repository configuration mode!
2024-03-21 20:08:27.394  INFO 17632 --- [main] .s.d.r.c.RepositoryConfigurationDelegate : Bootstrapping Spring Data Redis repositories in DEFAULT mode.
2024-03-21 20:08:27.425  INFO 17632 --- [main] .s.d.r.c.RepositoryConfigurationDelegate : Finished Spring Data repository scanning in 16 ms. Found 0 Redis repository interfaces.
2024-03-21 20:08:28.639  INFO 17632 --- [main] c.a.d.s.b.a.DruidDataSourceAutoConfigure : Init DruidDataSource
2024-03-21 20:08:29.607  INFO 17632 --- [main] com.alibaba.druid.pool.DruidDataSource   : {dataSource-1} inited
2024-03-21 20:08:31.632  INFO 17632 --- [main] o.s.b.a.w.s.WelcomePageHandlerMapping    : Adding welcome page: class path resource [static/index.html]
2024-03-21 20:08:31.993  INFO 17632 --- [main] com.fhs.common.spring.SpringContextUtil  : ------SpringContextUtil setApplicationContext-------
2024-03-21 20:08:33.099  INFO 17632 --- [main] com.shou.hpsys.HpsysApplicationTests     : Started HpsysApplicationTests in 7.412 seconds (JVM running for 8.588)
2024-03-21 20:08:35.494  INFO 17632 --- [SpringApplicationShutdownHook] com.alibaba.druid.pool.DruidDataSource   : {dataSource-1} closing ...
2024-03-21 20:08:35.523  INFO 17632 --- [SpringApplicationShutdownHook] com.alibaba.druid.pool.DruidDataSource   : {dataSource-1} closed
2024-03-21 20:12:47.555  INFO 1128 --- [main] com.shou.hpsys.HpsysApplicationTests     : Starting HpsysApplicationTests using Java 1.8.0_402 on HYH with PID 1128 (started by 27121 in E:\PROGRAM_SAVE\IDEA\hpsys)
2024-03-21 20:12:47.556  INFO 1128 --- [main] com.shou.hpsys.HpsysApplicationTests     : The following 1 profile is active: "dev"
2024-03-21 20:12:48.473  INFO 1128 --- [main] .s.d.r.c.RepositoryConfigurationDelegate : Multiple Spring Data modules found, entering strict repository configuration mode!
2024-03-21 20:12:48.477  INFO 1128 --- [main] .s.d.r.c.RepositoryConfigurationDelegate : Bootstrapping Spring Data Redis repositories in DEFAULT mode.
2024-03-21 20:12:48.522  INFO 1128 --- [main] .s.d.r.c.RepositoryConfigurationDelegate : Finished Spring Data repository scanning in 28 ms. Found 0 Redis repository interfaces.
2024-03-21 20:12:49.823  INFO 1128 --- [main] c.a.d.s.b.a.DruidDataSourceAutoConfigure : Init DruidDataSource
2024-03-21 20:12:50.809  INFO 1128 --- [main] com.alibaba.druid.pool.DruidDataSource   : {dataSource-1} inited
2024-03-21 20:12:52.638  INFO 1128 --- [main] o.s.b.a.w.s.WelcomePageHandlerMapping    : Adding welcome page: class path resource [static/index.html]
2024-03-21 20:12:52.941  INFO 1128 --- [main] com.fhs.common.spring.SpringContextUtil  : ------SpringContextUtil setApplicationContext-------
2024-03-21 20:12:53.795  INFO 1128 --- [main] com.shou.hpsys.HpsysApplicationTests     : Started HpsysApplicationTests in 7.048 seconds (JVM running for 8.28)
2024-03-21 20:12:54.091  INFO 1128 --- [SpringApplicationShutdownHook] com.alibaba.druid.pool.DruidDataSource   : {dataSource-1} closing ...
2024-03-21 20:12:54.108  INFO 1128 --- [SpringApplicationShutdownHook] com.alibaba.druid.pool.DruidDataSource   : {dataSource-1} closed
2024-03-21 20:16:04.426  INFO 8792 --- [main] com.shou.hpsys.HpsysApplicationTests     : Starting HpsysApplicationTests using Java 1.8.0_402 on HYH with PID 8792 (started by 27121 in E:\PROGRAM_SAVE\IDEA\hpsys)
2024-03-21 20:16:04.427  INFO 8792 --- [main] com.shou.hpsys.HpsysApplicationTests     : The following 1 profile is active: "dev"
2024-03-21 20:16:05.312  INFO 8792 --- [main] .s.d.r.c.RepositoryConfigurationDelegate : Multiple Spring Data modules found, entering strict repository configuration mode!
2024-03-21 20:16:05.316  INFO 8792 --- [main] .s.d.r.c.RepositoryConfigurationDelegate : Bootstrapping Spring Data Redis repositories in DEFAULT mode.
2024-03-21 20:16:05.359  INFO 8792 --- [main] .s.d.r.c.RepositoryConfigurationDelegate : Finished Spring Data repository scanning in 19 ms. Found 0 Redis repository interfaces.
2024-03-21 20:16:12.124  INFO 8792 --- [main] c.a.d.s.b.a.DruidDataSourceAutoConfigure : Init DruidDataSource
2024-03-21 20:16:18.123  INFO 8792 --- [main] com.alibaba.druid.pool.DruidDataSource   : {dataSource-1} inited
2024-03-21 20:16:27.458  INFO 8792 --- [main] o.s.b.a.w.s.WelcomePageHandlerMapping    : Adding welcome page: class path resource [static/index.html]
2024-03-21 20:16:30.209  INFO 8792 --- [main] com.fhs.common.spring.SpringContextUtil  : ------SpringContextUtil setApplicationContext-------
2024-03-21 20:17:34.224  INFO 8792 --- [main] com.shou.hpsys.HpsysApplicationTests     : Started HpsysApplicationTests in 90.782 seconds (JVM running for 94.796)
2024-03-21 20:17:34.231  INFO 8792 --- [SpringApplicationShutdownHook] com.alibaba.druid.pool.DruidDataSource   : {dataSource-1} closing ...
2024-03-21 20:17:34.255  INFO 8792 --- [SpringApplicationShutdownHook] com.alibaba.druid.pool.DruidDataSource   : {dataSource-1} closed
2024-03-21 20:18:02.013  INFO 20320 --- [main] com.shou.hpsys.HpsysApplicationTests     : Starting HpsysApplicationTests using Java 1.8.0_402 on HYH with PID 20320 (started by 27121 in E:\PROGRAM_SAVE\IDEA\hpsys)
2024-03-21 20:18:02.015  INFO 20320 --- [main] com.shou.hpsys.HpsysApplicationTests     : The following 1 profile is active: "dev"
2024-03-21 20:18:03.058  INFO 20320 --- [main] .s.d.r.c.RepositoryConfigurationDelegate : Multiple Spring Data modules found, entering strict repository configuration mode!
2024-03-21 20:18:03.063  INFO 20320 --- [main] .s.d.r.c.RepositoryConfigurationDelegate : Bootstrapping Spring Data Redis repositories in DEFAULT mode.
2024-03-21 20:18:03.103  INFO 20320 --- [main] .s.d.r.c.RepositoryConfigurationDelegate : Finished Spring Data repository scanning in 24 ms. Found 0 Redis repository interfaces.
2024-03-21 20:18:09.881  INFO 20320 --- [main] c.a.d.s.b.a.DruidDataSourceAutoConfigure : Init DruidDataSource
2024-03-21 20:18:15.472  INFO 20320 --- [main] com.alibaba.druid.pool.DruidDataSource   : {dataSource-1} inited
2024-03-21 20:18:24.139  INFO 20320 --- [main] o.s.b.a.w.s.WelcomePageHandlerMapping    : Adding welcome page: class path resource [static/index.html]
2024-03-21 20:18:26.721  INFO 20320 --- [main] com.fhs.common.spring.SpringContextUtil  : ------SpringContextUtil setApplicationContext-------
2024-03-21 20:19:29.483  INFO 20320 --- [main] com.shou.hpsys.HpsysApplicationTests     : Started HpsysApplicationTests in 88.484 seconds (JVM running for 90.189)
2024-03-21 20:19:29.489  INFO 20320 --- [SpringApplicationShutdownHook] com.alibaba.druid.pool.DruidDataSource   : {dataSource-1} closing ...
2024-03-21 20:19:29.511  INFO 20320 --- [SpringApplicationShutdownHook] com.alibaba.druid.pool.DruidDataSource   : {dataSource-1} closed
2024-03-21 20:19:45.855  INFO 11380 --- [main] com.shou.hpsys.HpsysApplicationTests     : Starting HpsysApplicationTests using Java 1.8.0_402 on HYH with PID 11380 (started by 27121 in E:\PROGRAM_SAVE\IDEA\hpsys)
2024-03-21 20:19:45.856  INFO 11380 --- [main] com.shou.hpsys.HpsysApplicationTests     : The following 1 profile is active: "dev"
2024-03-21 20:19:46.768  INFO 11380 --- [main] .s.d.r.c.RepositoryConfigurationDelegate : Multiple Spring Data modules found, entering strict repository configuration mode!
2024-03-21 20:19:46.774  INFO 11380 --- [main] .s.d.r.c.RepositoryConfigurationDelegate : Bootstrapping Spring Data Redis repositories in DEFAULT mode.
2024-03-21 20:19:46.821  INFO 11380 --- [main] .s.d.r.c.RepositoryConfigurationDelegate : Finished Spring Data repository scanning in 25 ms. Found 0 Redis repository interfaces.
2024-03-21 20:19:53.991  INFO 11380 --- [main] c.a.d.s.b.a.DruidDataSourceAutoConfigure : Init DruidDataSource
2024-03-21 20:20:00.265  INFO 11380 --- [main] com.alibaba.druid.pool.DruidDataSource   : {dataSource-1} inited
2024-03-21 20:20:10.232  INFO 11380 --- [main] o.s.b.a.w.s.WelcomePageHandlerMapping    : Adding welcome page: class path resource [static/index.html]
2024-03-21 20:20:13.232  INFO 11380 --- [main] com.fhs.common.spring.SpringContextUtil  : ------SpringContextUtil setApplicationContext-------
2024-03-21 20:20:18.383  INFO 11380 --- [main] com.shou.hpsys.HpsysApplicationTests     : Started HpsysApplicationTests in 33.555 seconds (JVM running for 35.129)
2024-03-21 20:20:19.624  INFO 11380 --- [SpringApplicationShutdownHook] com.alibaba.druid.pool.DruidDataSource   : {dataSource-1} closing ...
2024-03-21 20:20:19.645  INFO 11380 --- [SpringApplicationShutdownHook] com.alibaba.druid.pool.DruidDataSource   : {dataSource-1} closed
2024-03-21 20:20:26.998  INFO 19604 --- [main] com.shou.hpsys.HpsysApplicationTests     : Starting HpsysApplicationTests using Java 1.8.0_402 on HYH with PID 19604 (started by 27121 in E:\PROGRAM_SAVE\IDEA\hpsys)
2024-03-21 20:20:26.999  INFO 19604 --- [main] com.shou.hpsys.HpsysApplicationTests     : The following 1 profile is active: "dev"
2024-03-21 20:20:28.035  INFO 19604 --- [main] .s.d.r.c.RepositoryConfigurationDelegate : Multiple Spring Data modules found, entering strict repository configuration mode!
2024-03-21 20:20:28.042  INFO 19604 --- [main] .s.d.r.c.RepositoryConfigurationDelegate : Bootstrapping Spring Data Redis repositories in DEFAULT mode.
2024-03-21 20:20:28.092  INFO 19604 --- [main] .s.d.r.c.RepositoryConfigurationDelegate : Finished Spring Data repository scanning in 30 ms. Found 0 Redis repository interfaces.
2024-03-21 20:20:34.943  INFO 19604 --- [main] c.a.d.s.b.a.DruidDataSourceAutoConfigure : Init DruidDataSource
2024-03-21 20:20:40.761  INFO 19604 --- [main] com.alibaba.druid.pool.DruidDataSource   : {dataSource-1} inited
2024-03-21 20:20:49.709  INFO 19604 --- [main] o.s.b.a.w.s.WelcomePageHandlerMapping    : Adding welcome page: class path resource [static/index.html]
2024-03-21 20:20:52.300  INFO 19604 --- [main] com.fhs.common.spring.SpringContextUtil  : ------SpringContextUtil setApplicationContext-------
2024-03-21 20:20:56.715  INFO 19604 --- [main] com.shou.hpsys.HpsysApplicationTests     : Started HpsysApplicationTests in 30.677 seconds (JVM running for 32.112)
2024-03-21 20:21:52.874  INFO 19604 --- [SpringApplicationShutdownHook] com.alibaba.druid.pool.DruidDataSource   : {dataSource-1} closing ...
2024-03-21 20:21:52.900  INFO 19604 --- [SpringApplicationShutdownHook] com.alibaba.druid.pool.DruidDataSource   : {dataSource-1} closed
2024-03-21 20:22:04.035  INFO 8596 --- [main] com.shou.hpsys.HpsysApplicationTests     : Starting HpsysApplicationTests using Java 1.8.0_402 on HYH with PID 8596 (started by 27121 in E:\PROGRAM_SAVE\IDEA\hpsys)
2024-03-21 20:22:04.036  INFO 8596 --- [main] com.shou.hpsys.HpsysApplicationTests     : The following 1 profile is active: "dev"
2024-03-21 20:22:05.316  INFO 8596 --- [main] .s.d.r.c.RepositoryConfigurationDelegate : Multiple Spring Data modules found, entering strict repository configuration mode!
2024-03-21 20:22:05.320  INFO 8596 --- [main] .s.d.r.c.RepositoryConfigurationDelegate : Bootstrapping Spring Data Redis repositories in DEFAULT mode.
2024-03-21 20:22:05.366  INFO 8596 --- [main] .s.d.r.c.RepositoryConfigurationDelegate : Finished Spring Data repository scanning in 27 ms. Found 0 Redis repository interfaces.
2024-03-21 20:22:13.133  INFO 8596 --- [main] c.a.d.s.b.a.DruidDataSourceAutoConfigure : Init DruidDataSource
2024-03-21 20:22:18.776  INFO 8596 --- [main] com.alibaba.druid.pool.DruidDataSource   : {dataSource-1} inited
2024-03-21 20:22:27.593  INFO 8596 --- [main] o.s.b.a.w.s.WelcomePageHandlerMapping    : Adding welcome page: class path resource [static/index.html]
2024-03-21 20:22:30.225  INFO 8596 --- [main] com.fhs.common.spring.SpringContextUtil  : ------SpringContextUtil setApplicationContext-------
2024-03-21 20:22:34.670  INFO 8596 --- [main] com.shou.hpsys.HpsysApplicationTests     : Started HpsysApplicationTests in 31.612 seconds (JVM running for 33.083)
2024-03-21 20:24:15.346  INFO 8596 --- [SpringApplicationShutdownHook] com.alibaba.druid.pool.DruidDataSource   : {dataSource-1} closing ...
2024-03-21 20:24:15.367  INFO 8596 --- [SpringApplicationShutdownHook] com.alibaba.druid.pool.DruidDataSource   : {dataSource-1} closed
2024-03-21 20:25:35.958  INFO 20112 --- [main] com.shou.hpsys.HpsysApplicationTests     : Starting HpsysApplicationTests using Java 1.8.0_402 on HYH with PID 20112 (started by 27121 in E:\PROGRAM_SAVE\IDEA\hpsys)
2024-03-21 20:25:35.960  INFO 20112 --- [main] com.shou.hpsys.HpsysApplicationTests     : The following 1 profile is active: "dev"
2024-03-21 20:25:36.893  INFO 20112 --- [main] .s.d.r.c.RepositoryConfigurationDelegate : Multiple Spring Data modules found, entering strict repository configuration mode!
2024-03-21 20:25:36.896  INFO 20112 --- [main] .s.d.r.c.RepositoryConfigurationDelegate : Bootstrapping Spring Data Redis repositories in DEFAULT mode.
2024-03-21 20:25:36.925  INFO 20112 --- [main] .s.d.r.c.RepositoryConfigurationDelegate : Finished Spring Data repository scanning in 16 ms. Found 0 Redis repository interfaces.
2024-03-21 20:25:38.159  INFO 20112 --- [main] c.a.d.s.b.a.DruidDataSourceAutoConfigure : Init DruidDataSource
2024-03-21 20:25:39.146  INFO 20112 --- [main] com.alibaba.druid.pool.DruidDataSource   : {dataSource-1} inited
2024-03-21 20:25:41.123  INFO 20112 --- [main] o.s.b.a.w.s.WelcomePageHandlerMapping    : Adding welcome page: class path resource [static/index.html]
2024-03-21 20:25:41.467  INFO 20112 --- [main] com.fhs.common.spring.SpringContextUtil  : ------SpringContextUtil setApplicationContext-------
2024-03-21 20:25:42.524  INFO 20112 --- [main] com.shou.hpsys.HpsysApplicationTests     : Started HpsysApplicationTests in 7.434 seconds (JVM running for 8.701)
2024-03-21 20:25:43.529  INFO 20112 --- [SpringApplicationShutdownHook] com.alibaba.druid.pool.DruidDataSource   : {dataSource-1} closing ...
2024-03-21 20:25:43.545  INFO 20112 --- [SpringApplicationShutdownHook] com.alibaba.druid.pool.DruidDataSource   : {dataSource-1} closed
2024-03-21 20:26:45.018  INFO 16660 --- [main] com.shou.hpsys.HpsysApplication          : Starting HpsysApplication using Java 1.8.0_402 on HYH with PID 16660 (E:\PROGRAM_SAVE\IDEA\hpsys\target\classes started by 27121 in E:\PROGRAM_SAVE\IDEA\hpsys)
2024-03-21 20:26:45.022  INFO 16660 --- [main] com.shou.hpsys.HpsysApplication          : The following 1 profile is active: "dev"
2024-03-21 20:26:45.658  INFO 16660 --- [main] .s.d.r.c.RepositoryConfigurationDelegate : Multiple Spring Data modules found, entering strict repository configuration mode!
2024-03-21 20:26:45.659  INFO 16660 --- [main] .s.d.r.c.RepositoryConfigurationDelegate : Bootstrapping Spring Data Redis repositories in DEFAULT mode.
2024-03-21 20:26:45.684  INFO 16660 --- [main] .s.d.r.c.RepositoryConfigurationDelegate : Finished Spring Data repository scanning in 13 ms. Found 0 Redis repository interfaces.
2024-03-21 20:26:46.571  INFO 16660 --- [main] o.s.b.w.embedded.tomcat.TomcatWebServer  : Tomcat initialized with port(s): 82 (http)
2024-03-21 20:26:46.617  INFO 16660 --- [main] o.apache.catalina.core.StandardService   : Starting service [Tomcat]
2024-03-21 20:26:46.617  INFO 16660 --- [main] org.apache.catalina.core.StandardEngine  : Starting Servlet engine: [Apache Tomcat/9.0.60]
2024-03-21 20:26:46.801  INFO 16660 --- [main] o.a.c.c.C.[Tomcat].[localhost].[/]       : Initializing Spring embedded WebApplicationContext
2024-03-21 20:26:46.802  INFO 16660 --- [main] w.s.c.ServletWebServerApplicationContext : Root WebApplicationContext: initialization completed in 1737 ms
2024-03-21 20:26:47.303  INFO 16660 --- [main] c.a.d.s.b.a.DruidDataSourceAutoConfigure : Init DruidDataSource
2024-03-21 20:26:47.710  INFO 16660 --- [main] com.alibaba.druid.pool.DruidDataSource   : {dataSource-1} inited
2024-03-21 20:26:48.611  INFO 16660 --- [main] o.s.b.a.w.s.WelcomePageHandlerMapping    : Adding welcome page: class path resource [static/index.html]
2024-03-21 20:26:48.700  INFO 16660 --- [main] com.fhs.common.spring.SpringContextUtil  : ------SpringContextUtil setApplicationContext-------
2024-03-21 20:26:49.353  INFO 16660 --- [main] o.s.b.w.embedded.tomcat.TomcatWebServer  : Tomcat started on port(s): 82 (http) with context path ''
2024-03-21 20:26:49.710  INFO 16660 --- [main] com.shou.hpsys.HpsysApplication          : Started HpsysApplication in 5.538 seconds (JVM running for 6.395)
2024-03-21 20:26:49.717  INFO 16660 --- [main] com.shou.hpsys.HpsysApplication          : >>> HPSYSAPPLICATION STARTING SUCCESS
2024-03-21 20:27:42.464  INFO 16660 --- [http-nio-82-exec-1] o.a.c.c.C.[Tomcat].[localhost].[/]       : Initializing Spring DispatcherServlet 'dispatcherServlet'
2024-03-21 20:27:42.464  INFO 16660 --- [http-nio-82-exec-1] o.s.web.servlet.DispatcherServlet        : Initializing Servlet 'dispatcherServlet'
2024-03-21 20:27:42.467  INFO 16660 --- [http-nio-82-exec-1] o.s.web.servlet.DispatcherServlet        : Completed initialization in 2 ms
2024-03-21 20:27:49.305 ERROR 16660 --- [http-nio-82-exec-3] o.a.c.c.C.[.[.[/].[dispatcherServlet]    : Servlet.service() for servlet [dispatcherServlet] in context with path [] threw exception [Request processing failed; nested exception is cn.dev33.satoken.exception.NotLoginException: Token无效："a61215dcbf1748d08ffff8bb9d5e455b"] with root cause

cn.dev33.satoken.exception.NotLoginException: Token无效："a61215dcbf1748d08ffff8bb9d5e455b"
	at cn.dev33.satoken.exception.NotLoginException.newInstance(NotLoginException.java:137)
	at cn.dev33.satoken.stp.StpLogic.getLoginId(StpLogic.java:646)
	at cn.dev33.satoken.stp.StpLogic.checkLogin(StpLogic.java:626)
	at cn.dev33.satoken.stp.StpLogic.getTokenSession(StpLogic.java:929)
	at cn.dev33.satoken.stp.StpLogic.getTokenSession(StpLogic.java:940)
	at cn.dev33.satoken.stp.StpUtil.getTokenSession(StpUtil.java:421)
	at com.shou.hpsys.web.login.util.StpLoginUserUtil.getLoginUser(StpLoginUserUtil.java:21)
	at com.shou.hpsys.web.login.service.impl.LoginServiceImpl.getLoginUser(LoginServiceImpl.java:76)
	at com.shou.hpsys.web.login.controller.LoginController.getLoginUser(LoginController.java:66)
	at sun.reflect.NativeMethodAccessorImpl.invoke0(Native Method)
	at sun.reflect.NativeMethodAccessorImpl.invoke(NativeMethodAccessorImpl.java:62)
	at sun.reflect.DelegatingMethodAccessorImpl.invoke(DelegatingMethodAccessorImpl.java:43)
	at java.lang.reflect.Method.invoke(Method.java:498)
	at org.springframework.web.method.support.InvocableHandlerMethod.doInvoke(InvocableHandlerMethod.java:205)
	at org.springframework.web.method.support.InvocableHandlerMethod.invokeForRequest(InvocableHandlerMethod.java:150)
	at org.springframework.web.servlet.mvc.method.annotation.ServletInvocableHandlerMethod.invokeAndHandle(ServletInvocableHandlerMethod.java:117)
	at org.springframework.web.servlet.mvc.method.annotation.RequestMappingHandlerAdapter.invokeHandlerMethod(RequestMappingHandlerAdapter.java:895)
	at org.springframework.web.servlet.mvc.method.annotation.RequestMappingHandlerAdapter.handleInternal(RequestMappingHandlerAdapter.java:808)
	at org.springframework.web.servlet.mvc.method.AbstractHandlerMethodAdapter.handle(AbstractHandlerMethodAdapter.java:87)
	at org.springframework.web.servlet.DispatcherServlet.doDispatch(DispatcherServlet.java:1067)
	at org.springframework.web.servlet.DispatcherServlet.doService(DispatcherServlet.java:963)
	at org.springframework.web.servlet.FrameworkServlet.processRequest(FrameworkServlet.java:1006)
	at org.springframework.web.servlet.FrameworkServlet.doGet(FrameworkServlet.java:898)
	at javax.servlet.http.HttpServlet.service(HttpServlet.java:655)
	at org.springframework.web.servlet.FrameworkServlet.service(FrameworkServlet.java:883)
	at javax.servlet.http.HttpServlet.service(HttpServlet.java:764)
	at org.apache.catalina.core.ApplicationFilterChain.internalDoFilter(ApplicationFilterChain.java:227)
	at org.apache.catalina.core.ApplicationFilterChain.doFilter(ApplicationFilterChain.java:162)
	at org.apache.tomcat.websocket.server.WsFilter.doFilter(WsFilter.java:53)
	at org.apache.catalina.core.ApplicationFilterChain.internalDoFilter(ApplicationFilterChain.java:189)
	at org.apache.catalina.core.ApplicationFilterChain.doFilter(ApplicationFilterChain.java:162)
	at org.springframework.web.filter.RequestContextFilter.doFilterInternal(RequestContextFilter.java:100)
	at org.springframework.web.filter.OncePerRequestFilter.doFilter(OncePerRequestFilter.java:117)
	at org.apache.catalina.core.ApplicationFilterChain.internalDoFilter(ApplicationFilterChain.java:189)
	at org.apache.catalina.core.ApplicationFilterChain.doFilter(ApplicationFilterChain.java:162)
	at org.springframework.web.filter.FormContentFilter.doFilterInternal(FormContentFilter.java:93)
	at org.springframework.web.filter.OncePerRequestFilter.doFilter(OncePerRequestFilter.java:117)
	at org.apache.catalina.core.ApplicationFilterChain.internalDoFilter(ApplicationFilterChain.java:189)
	at org.apache.catalina.core.ApplicationFilterChain.doFilter(ApplicationFilterChain.java:162)
	at org.springframework.web.filter.CharacterEncodingFilter.doFilterInternal(CharacterEncodingFilter.java:201)
	at org.springframework.web.filter.OncePerRequestFilter.doFilter(OncePerRequestFilter.java:117)
	at org.apache.catalina.core.ApplicationFilterChain.internalDoFilter(ApplicationFilterChain.java:189)
	at org.apache.catalina.core.ApplicationFilterChain.doFilter(ApplicationFilterChain.java:162)
	at org.apache.catalina.core.StandardWrapperValve.invoke(StandardWrapperValve.java:197)
	at org.apache.catalina.core.StandardContextValve.invoke(StandardContextValve.java:97)
	at org.apache.catalina.authenticator.AuthenticatorBase.invoke(AuthenticatorBase.java:541)
	at org.apache.catalina.core.StandardHostValve.invoke(StandardHostValve.java:135)
	at org.apache.catalina.valves.ErrorReportValve.invoke(ErrorReportValve.java:92)
	at org.apache.catalina.core.StandardEngineValve.invoke(StandardEngineValve.java:78)
	at org.apache.catalina.connector.CoyoteAdapter.service(CoyoteAdapter.java:360)
	at org.apache.coyote.http11.Http11Processor.service(Http11Processor.java:399)
	at org.apache.coyote.AbstractProcessorLight.process(AbstractProcessorLight.java:65)
	at org.apache.coyote.AbstractProtocol$ConnectionHandler.process(AbstractProtocol.java:889)
	at org.apache.tomcat.util.net.NioEndpoint$SocketProcessor.doRun(NioEndpoint.java:1743)
	at org.apache.tomcat.util.net.SocketProcessorBase.run(SocketProcessorBase.java:49)
	at org.apache.tomcat.util.threads.ThreadPoolExecutor.runWorker(ThreadPoolExecutor.java:1191)
	at org.apache.tomcat.util.threads.ThreadPoolExecutor$Worker.run(ThreadPoolExecutor.java:659)
	at org.apache.tomcat.util.threads.TaskThread$WrappingRunnable.run(TaskThread.java:61)
	at java.lang.Thread.run(Thread.java:750)

2024-03-21 20:29:27.287  INFO 16660 --- [SpringApplicationShutdownHook] com.alibaba.druid.pool.DruidDataSource   : {dataSource-1} closing ...
2024-03-21 20:29:27.305  INFO 16660 --- [SpringApplicationShutdownHook] com.alibaba.druid.pool.DruidDataSource   : {dataSource-1} closed
2024-03-21 20:41:00.376  INFO 15920 --- [main] com.shou.hpsys.HpsysApplication          : Starting HpsysApplication using Java 1.8.0_402 on HYH with PID 15920 (E:\PROGRAM_SAVE\IDEA\hpsys\target\classes started by 27121 in E:\PROGRAM_SAVE\IDEA\hpsys)
2024-03-21 20:41:00.377  INFO 15920 --- [main] com.shou.hpsys.HpsysApplication          : The following 1 profile is active: "dev"
2024-03-21 20:41:01.528  INFO 15920 --- [main] .s.d.r.c.RepositoryConfigurationDelegate : Multiple Spring Data modules found, entering strict repository configuration mode!
2024-03-21 20:41:01.530  INFO 15920 --- [main] .s.d.r.c.RepositoryConfigurationDelegate : Bootstrapping Spring Data Redis repositories in DEFAULT mode.
2024-03-21 20:41:01.561  INFO 15920 --- [main] .s.d.r.c.RepositoryConfigurationDelegate : Finished Spring Data repository scanning in 18 ms. Found 0 Redis repository interfaces.
2024-03-21 20:41:02.552  INFO 15920 --- [main] o.s.b.w.embedded.tomcat.TomcatWebServer  : Tomcat initialized with port(s): 82 (http)
2024-03-21 20:41:02.561  INFO 15920 --- [main] o.apache.catalina.core.StandardService   : Starting service [Tomcat]
2024-03-21 20:41:02.562  INFO 15920 --- [main] org.apache.catalina.core.StandardEngine  : Starting Servlet engine: [Apache Tomcat/9.0.60]
2024-03-21 20:41:02.907  INFO 15920 --- [main] o.a.c.c.C.[Tomcat].[localhost].[/]       : Initializing Spring embedded WebApplicationContext
2024-03-21 20:41:02.907  INFO 15920 --- [main] w.s.c.ServletWebServerApplicationContext : Root WebApplicationContext: initialization completed in 2489 ms
2024-03-21 20:41:03.473  INFO 15920 --- [main] c.a.d.s.b.a.DruidDataSourceAutoConfigure : Init DruidDataSource
2024-03-21 20:41:04.228  INFO 15920 --- [main] com.alibaba.druid.pool.DruidDataSource   : {dataSource-1} inited
2024-03-21 20:41:07.301  INFO 15920 --- [main] o.s.b.a.w.s.WelcomePageHandlerMapping    : Adding welcome page: class path resource [static/index.html]
2024-03-21 20:41:08.802  INFO 15920 --- [main] com.fhs.common.spring.SpringContextUtil  : ------SpringContextUtil setApplicationContext-------
2024-03-21 20:41:11.985  INFO 15920 --- [main] o.s.b.w.embedded.tomcat.TomcatWebServer  : Tomcat started on port(s): 82 (http) with context path ''
2024-03-21 20:41:12.440  INFO 15920 --- [main] com.shou.hpsys.HpsysApplication          : Started HpsysApplication in 13.1 seconds (JVM running for 14.645)
2024-03-21 20:41:12.563  INFO 15920 --- [main] com.shou.hpsys.HpsysApplication          : >>> HPSYSAPPLICATION STARTING SUCCESS
2024-03-21 20:43:26.256  INFO 15920 --- [http-nio-82-exec-1] o.a.c.c.C.[Tomcat].[localhost].[/]       : Initializing Spring DispatcherServlet 'dispatcherServlet'
2024-03-21 20:43:26.257  INFO 15920 --- [http-nio-82-exec-1] o.s.web.servlet.DispatcherServlet        : Initializing Servlet 'dispatcherServlet'
2024-03-21 20:43:26.280  INFO 15920 --- [http-nio-82-exec-1] o.s.web.servlet.DispatcherServlet        : Completed initialization in 23 ms
2024-03-21 20:44:45.563  WARN 15920 --- [http-nio-82-exec-1] c.a.druid.pool.DruidAbstractDataSource   : discard long time none received connection. , jdbcUrl : jdbc:mysql://127.0.0.1:3306/hpsys?characterEncoding=utf8&serverTimezone=Asia/Shanghai&useUnicode=true, version : 1.2.8, lastPacketReceivedIdleMillis : 221217
2024-03-21 20:44:45.568  WARN 15920 --- [http-nio-82-exec-1] c.a.druid.pool.DruidAbstractDataSource   : discard long time none received connection. , jdbcUrl : jdbc:mysql://127.0.0.1:3306/hpsys?characterEncoding=utf8&serverTimezone=Asia/Shanghai&useUnicode=true, version : 1.2.8, lastPacketReceivedIdleMillis : 221378
2024-03-21 20:44:45.572  WARN 15920 --- [http-nio-82-exec-1] c.a.druid.pool.DruidAbstractDataSource   : discard long time none received connection. , jdbcUrl : jdbc:mysql://127.0.0.1:3306/hpsys?characterEncoding=utf8&serverTimezone=Asia/Shanghai&useUnicode=true, version : 1.2.8, lastPacketReceivedIdleMillis : 221395
2024-03-21 20:44:45.576  WARN 15920 --- [http-nio-82-exec-1] c.a.druid.pool.DruidAbstractDataSource   : discard long time none received connection. , jdbcUrl : jdbc:mysql://127.0.0.1:3306/hpsys?characterEncoding=utf8&serverTimezone=Asia/Shanghai&useUnicode=true, version : 1.2.8, lastPacketReceivedIdleMillis : 221415
2024-03-21 20:44:45.580  WARN 15920 --- [http-nio-82-exec-1] c.a.druid.pool.DruidAbstractDataSource   : discard long time none received connection. , jdbcUrl : jdbc:mysql://127.0.0.1:3306/hpsys?characterEncoding=utf8&serverTimezone=Asia/Shanghai&useUnicode=true, version : 1.2.8, lastPacketReceivedIdleMillis : 221441
2024-03-21 20:46:14.378  WARN 15920 --- [http-nio-82-exec-1] c.a.druid.pool.DruidAbstractDataSource   : discard long time none received connection. , jdbcUrl : jdbc:mysql://127.0.0.1:3306/hpsys?characterEncoding=utf8&serverTimezone=Asia/Shanghai&useUnicode=true, version : 1.2.8, lastPacketReceivedIdleMillis : 87529
2024-03-21 20:51:14.793  INFO 15920 --- [SpringApplicationShutdownHook] com.alibaba.druid.pool.DruidDataSource   : {dataSource-1} closing ...
2024-03-21 20:51:14.836  INFO 15920 --- [SpringApplicationShutdownHook] com.alibaba.druid.pool.DruidDataSource   : {dataSource-1} closed
2024-03-21 20:52:11.260  INFO 1264 --- [main] com.shou.hpsys.HpsysApplication          : Starting HpsysApplication using Java 1.8.0_402 on HYH with PID 1264 (E:\PROGRAM_SAVE\IDEA\hpsys\target\classes started by 27121 in E:\PROGRAM_SAVE\IDEA\hpsys)
2024-03-21 20:52:11.302  INFO 1264 --- [main] com.shou.hpsys.HpsysApplication          : The following 1 profile is active: "dev"
2024-03-21 20:52:12.329  INFO 1264 --- [main] .s.d.r.c.RepositoryConfigurationDelegate : Multiple Spring Data modules found, entering strict repository configuration mode!
2024-03-21 20:52:12.331  INFO 1264 --- [main] .s.d.r.c.RepositoryConfigurationDelegate : Bootstrapping Spring Data Redis repositories in DEFAULT mode.
2024-03-21 20:52:12.355  INFO 1264 --- [main] .s.d.r.c.RepositoryConfigurationDelegate : Finished Spring Data repository scanning in 13 ms. Found 0 Redis repository interfaces.
2024-03-21 20:52:13.142  INFO 1264 --- [main] o.s.b.w.embedded.tomcat.TomcatWebServer  : Tomcat initialized with port(s): 82 (http)
2024-03-21 20:52:13.162  INFO 1264 --- [main] o.apache.catalina.core.StandardService   : Starting service [Tomcat]
2024-03-21 20:52:13.163  INFO 1264 --- [main] org.apache.catalina.core.StandardEngine  : Starting Servlet engine: [Apache Tomcat/9.0.60]
2024-03-21 20:52:13.434  INFO 1264 --- [main] o.a.c.c.C.[Tomcat].[localhost].[/]       : Initializing Spring embedded WebApplicationContext
2024-03-21 20:52:13.434  INFO 1264 --- [main] w.s.c.ServletWebServerApplicationContext : Root WebApplicationContext: initialization completed in 2101 ms
2024-03-21 20:52:13.988  INFO 1264 --- [main] c.a.d.s.b.a.DruidDataSourceAutoConfigure : Init DruidDataSource
2024-03-21 20:52:14.948  INFO 1264 --- [main] com.alibaba.druid.pool.DruidDataSource   : {dataSource-1} inited
2024-03-21 20:52:16.021  INFO 1264 --- [main] o.s.b.a.w.s.WelcomePageHandlerMapping    : Adding welcome page: class path resource [static/index.html]
2024-03-21 20:52:16.171  INFO 1264 --- [main] com.fhs.common.spring.SpringContextUtil  : ------SpringContextUtil setApplicationContext-------
2024-03-21 20:52:16.746  INFO 1264 --- [main] o.s.b.w.embedded.tomcat.TomcatWebServer  : Tomcat started on port(s): 82 (http) with context path ''
2024-03-21 20:52:17.105  INFO 1264 --- [main] com.shou.hpsys.HpsysApplication          : Started HpsysApplication in 6.785 seconds (JVM running for 8.091)
2024-03-21 20:52:17.112  INFO 1264 --- [main] com.shou.hpsys.HpsysApplication          : >>> HPSYSAPPLICATION STARTING SUCCESS
2024-03-21 20:52:37.151  INFO 1264 --- [http-nio-82-exec-1] o.a.c.c.C.[Tomcat].[localhost].[/]       : Initializing Spring DispatcherServlet 'dispatcherServlet'
2024-03-21 20:52:37.151  INFO 1264 --- [http-nio-82-exec-1] o.s.web.servlet.DispatcherServlet        : Initializing Servlet 'dispatcherServlet'
2024-03-21 20:52:37.152  INFO 1264 --- [http-nio-82-exec-1] o.s.web.servlet.DispatcherServlet        : Completed initialization in 1 ms
2024-03-21 20:52:40.961 ERROR 1264 --- [http-nio-82-exec-10] o.a.c.c.C.[.[.[/].[dispatcherServlet]    : Servlet.service() for servlet [dispatcherServlet] in context with path [] threw exception [Request processing failed; nested exception is cn.dev33.satoken.exception.NotLoginException: Token无效："523f8552c65d49a490cd6a528b8893fd"] with root cause

cn.dev33.satoken.exception.NotLoginException: Token无效："523f8552c65d49a490cd6a528b8893fd"
	at cn.dev33.satoken.exception.NotLoginException.newInstance(NotLoginException.java:137)
	at cn.dev33.satoken.stp.StpLogic.getLoginId(StpLogic.java:646)
	at cn.dev33.satoken.stp.StpLogic.checkLogin(StpLogic.java:626)
	at cn.dev33.satoken.stp.StpLogic.getTokenSession(StpLogic.java:929)
	at cn.dev33.satoken.stp.StpLogic.getTokenSession(StpLogic.java:940)
	at cn.dev33.satoken.stp.StpUtil.getTokenSession(StpUtil.java:421)
	at com.shou.hpsys.web.login.util.StpLoginUserUtil.getLoginUser(StpLoginUserUtil.java:21)
	at com.shou.hpsys.web.login.service.impl.LoginServiceImpl.getLoginUser(LoginServiceImpl.java:76)
	at com.shou.hpsys.web.login.controller.LoginController.getLoginUser(LoginController.java:66)
	at sun.reflect.NativeMethodAccessorImpl.invoke0(Native Method)
	at sun.reflect.NativeMethodAccessorImpl.invoke(NativeMethodAccessorImpl.java:62)
	at sun.reflect.DelegatingMethodAccessorImpl.invoke(DelegatingMethodAccessorImpl.java:43)
	at java.lang.reflect.Method.invoke(Method.java:498)
	at org.springframework.web.method.support.InvocableHandlerMethod.doInvoke(InvocableHandlerMethod.java:205)
	at org.springframework.web.method.support.InvocableHandlerMethod.invokeForRequest(InvocableHandlerMethod.java:150)
	at org.springframework.web.servlet.mvc.method.annotation.ServletInvocableHandlerMethod.invokeAndHandle(ServletInvocableHandlerMethod.java:117)
	at org.springframework.web.servlet.mvc.method.annotation.RequestMappingHandlerAdapter.invokeHandlerMethod(RequestMappingHandlerAdapter.java:895)
	at org.springframework.web.servlet.mvc.method.annotation.RequestMappingHandlerAdapter.handleInternal(RequestMappingHandlerAdapter.java:808)
	at org.springframework.web.servlet.mvc.method.AbstractHandlerMethodAdapter.handle(AbstractHandlerMethodAdapter.java:87)
	at org.springframework.web.servlet.DispatcherServlet.doDispatch(DispatcherServlet.java:1067)
	at org.springframework.web.servlet.DispatcherServlet.doService(DispatcherServlet.java:963)
	at org.springframework.web.servlet.FrameworkServlet.processRequest(FrameworkServlet.java:1006)
	at org.springframework.web.servlet.FrameworkServlet.doGet(FrameworkServlet.java:898)
	at javax.servlet.http.HttpServlet.service(HttpServlet.java:655)
	at org.springframework.web.servlet.FrameworkServlet.service(FrameworkServlet.java:883)
	at javax.servlet.http.HttpServlet.service(HttpServlet.java:764)
	at org.apache.catalina.core.ApplicationFilterChain.internalDoFilter(ApplicationFilterChain.java:227)
	at org.apache.catalina.core.ApplicationFilterChain.doFilter(ApplicationFilterChain.java:162)
	at org.apache.tomcat.websocket.server.WsFilter.doFilter(WsFilter.java:53)
	at org.apache.catalina.core.ApplicationFilterChain.internalDoFilter(ApplicationFilterChain.java:189)
	at org.apache.catalina.core.ApplicationFilterChain.doFilter(ApplicationFilterChain.java:162)
	at org.springframework.web.filter.RequestContextFilter.doFilterInternal(RequestContextFilter.java:100)
	at org.springframework.web.filter.OncePerRequestFilter.doFilter(OncePerRequestFilter.java:117)
	at org.apache.catalina.core.ApplicationFilterChain.internalDoFilter(ApplicationFilterChain.java:189)
	at org.apache.catalina.core.ApplicationFilterChain.doFilter(ApplicationFilterChain.java:162)
	at org.springframework.web.filter.FormContentFilter.doFilterInternal(FormContentFilter.java:93)
	at org.springframework.web.filter.OncePerRequestFilter.doFilter(OncePerRequestFilter.java:117)
	at org.apache.catalina.core.ApplicationFilterChain.internalDoFilter(ApplicationFilterChain.java:189)
	at org.apache.catalina.core.ApplicationFilterChain.doFilter(ApplicationFilterChain.java:162)
	at org.springframework.web.filter.CharacterEncodingFilter.doFilterInternal(CharacterEncodingFilter.java:201)
	at org.springframework.web.filter.OncePerRequestFilter.doFilter(OncePerRequestFilter.java:117)
	at org.apache.catalina.core.ApplicationFilterChain.internalDoFilter(ApplicationFilterChain.java:189)
	at org.apache.catalina.core.ApplicationFilterChain.doFilter(ApplicationFilterChain.java:162)
	at org.apache.catalina.core.StandardWrapperValve.invoke(StandardWrapperValve.java:197)
	at org.apache.catalina.core.StandardContextValve.invoke(StandardContextValve.java:97)
	at org.apache.catalina.authenticator.AuthenticatorBase.invoke(AuthenticatorBase.java:541)
	at org.apache.catalina.core.StandardHostValve.invoke(StandardHostValve.java:135)
	at org.apache.catalina.valves.ErrorReportValve.invoke(ErrorReportValve.java:92)
	at org.apache.catalina.core.StandardEngineValve.invoke(StandardEngineValve.java:78)
	at org.apache.catalina.connector.CoyoteAdapter.service(CoyoteAdapter.java:360)
	at org.apache.coyote.http11.Http11Processor.service(Http11Processor.java:399)
	at org.apache.coyote.AbstractProcessorLight.process(AbstractProcessorLight.java:65)
	at org.apache.coyote.AbstractProtocol$ConnectionHandler.process(AbstractProtocol.java:889)
	at org.apache.tomcat.util.net.NioEndpoint$SocketProcessor.doRun(NioEndpoint.java:1743)
	at org.apache.tomcat.util.net.SocketProcessorBase.run(SocketProcessorBase.java:49)
	at org.apache.tomcat.util.threads.ThreadPoolExecutor.runWorker(ThreadPoolExecutor.java:1191)
	at org.apache.tomcat.util.threads.ThreadPoolExecutor$Worker.run(ThreadPoolExecutor.java:659)
	at org.apache.tomcat.util.threads.TaskThread$WrappingRunnable.run(TaskThread.java:61)
	at java.lang.Thread.run(Thread.java:750)

2024-03-21 21:35:01.938  INFO 1264 --- [SpringApplicationShutdownHook] com.alibaba.druid.pool.DruidDataSource   : {dataSource-1} closing ...
2024-03-21 21:35:02.030  INFO 1264 --- [SpringApplicationShutdownHook] com.alibaba.druid.pool.DruidDataSource   : {dataSource-1} closed
2024-03-21 21:35:16.561  INFO 19452 --- [main] com.shou.hpsys.HpsysApplication          : Starting HpsysApplication using Java 1.8.0_402 on HYH with PID 19452 (E:\PROGRAM_SAVE\IDEA\hpsys\target\classes started by 27121 in E:\PROGRAM_SAVE\IDEA\hpsys)
2024-03-21 21:35:16.566  INFO 19452 --- [main] com.shou.hpsys.HpsysApplication          : The following 1 profile is active: "dev"
2024-03-21 21:35:17.710  INFO 19452 --- [main] .s.d.r.c.RepositoryConfigurationDelegate : Multiple Spring Data modules found, entering strict repository configuration mode!
2024-03-21 21:35:17.712  INFO 19452 --- [main] .s.d.r.c.RepositoryConfigurationDelegate : Bootstrapping Spring Data Redis repositories in DEFAULT mode.
2024-03-21 21:35:17.777  INFO 19452 --- [main] .s.d.r.c.RepositoryConfigurationDelegate : Finished Spring Data repository scanning in 15 ms. Found 0 Redis repository interfaces.
2024-03-21 21:35:18.514  INFO 19452 --- [main] o.s.b.w.embedded.tomcat.TomcatWebServer  : Tomcat initialized with port(s): 82 (http)
2024-03-21 21:35:18.523  INFO 19452 --- [main] o.apache.catalina.core.StandardService   : Starting service [Tomcat]
2024-03-21 21:35:18.524  INFO 19452 --- [main] org.apache.catalina.core.StandardEngine  : Starting Servlet engine: [Apache Tomcat/9.0.60]
2024-03-21 21:35:18.739  INFO 19452 --- [main] o.a.c.c.C.[Tomcat].[localhost].[/]       : Initializing Spring embedded WebApplicationContext
2024-03-21 21:35:18.740  INFO 19452 --- [main] w.s.c.ServletWebServerApplicationContext : Root WebApplicationContext: initialization completed in 2087 ms
2024-03-21 21:35:19.322  INFO 19452 --- [main] c.a.d.s.b.a.DruidDataSourceAutoConfigure : Init DruidDataSource
2024-03-21 21:35:20.176  INFO 19452 --- [main] com.alibaba.druid.pool.DruidDataSource   : {dataSource-1} inited
2024-03-21 21:35:21.141  INFO 19452 --- [main] o.s.b.a.w.s.WelcomePageHandlerMapping    : Adding welcome page: class path resource [static/index.html]
2024-03-21 21:35:21.314  INFO 19452 --- [main] com.fhs.common.spring.SpringContextUtil  : ------SpringContextUtil setApplicationContext-------
2024-03-21 21:35:21.918  INFO 19452 --- [main] o.s.b.w.embedded.tomcat.TomcatWebServer  : Tomcat started on port(s): 82 (http) with context path ''
2024-03-21 21:35:22.282  INFO 19452 --- [main] com.shou.hpsys.HpsysApplication          : Started HpsysApplication in 6.783 seconds (JVM running for 8.246)
2024-03-21 21:35:22.291  INFO 19452 --- [main] com.shou.hpsys.HpsysApplication          : >>> HPSYSAPPLICATION STARTING SUCCESS
2024-03-21 21:35:46.520  INFO 19452 --- [http-nio-82-exec-1] o.a.c.c.C.[Tomcat].[localhost].[/]       : Initializing Spring DispatcherServlet 'dispatcherServlet'
2024-03-21 21:35:46.520  INFO 19452 --- [http-nio-82-exec-1] o.s.web.servlet.DispatcherServlet        : Initializing Servlet 'dispatcherServlet'
2024-03-21 21:35:46.521  INFO 19452 --- [http-nio-82-exec-1] o.s.web.servlet.DispatcherServlet        : Completed initialization in 1 ms
2024-03-21 21:39:10.299  INFO 19452 --- [SpringApplicationShutdownHook] com.alibaba.druid.pool.DruidDataSource   : {dataSource-1} closing ...
2024-03-21 21:39:10.308  INFO 19452 --- [SpringApplicationShutdownHook] com.alibaba.druid.pool.DruidDataSource   : {dataSource-1} closed
