2024-04-01 15:53:41.181  INFO 2232 --- [main] com.shou.hpsys.HpsysApplicationTests     : Starting HpsysApplicationTests using Java 1.8.0_402 on HYH with PID 2232 (started by 27121 in E:\PROGRAM_SAVE\IDEA\hpsys)
2024-04-01 15:53:41.184  INFO 2232 --- [main] com.shou.hpsys.HpsysApplicationTests     : The following 1 profile is active: "dev"
2024-04-01 15:53:44.725  INFO 2232 --- [main] .s.d.r.c.RepositoryConfigurationDelegate : Multiple Spring Data modules found, entering strict repository configuration mode!
2024-04-01 15:53:44.730  INFO 2232 --- [main] .s.d.r.c.RepositoryConfigurationDelegate : Bootstrapping Spring Data Redis repositories in DEFAULT mode.
2024-04-01 15:53:44.877  INFO 2232 --- [main] .s.d.r.c.RepositoryConfigurationDelegate : Finished Spring Data repository scanning in 121 ms. Found 0 Redis repository interfaces.
2024-04-01 15:53:48.166  INFO 2232 --- [main] c.a.d.s.b.a.DruidDataSourceAutoConfigure : Init DruidDataSource
2024-04-01 15:53:50.308  INFO 2232 --- [main] com.alibaba.druid.pool.DruidDataSource   : {dataSource-1} inited
2024-04-01 15:53:53.848  INFO 2232 --- [main] o.s.b.a.w.s.WelcomePageHandlerMapping    : Adding welcome page: class path resource [static/index.html]
2024-04-01 15:53:54.364  INFO 2232 --- [main] com.fhs.common.spring.SpringContextUtil  : ------SpringContextUtil setApplicationContext-------
2024-04-01 15:53:55.766  INFO 2232 --- [main] com.shou.hpsys.HpsysApplicationTests     : Started HpsysApplicationTests in 16.649 seconds (JVM running for 21.728)
2024-04-01 15:53:56.476  INFO 2232 --- [SpringApplicationShutdownHook] com.alibaba.druid.pool.DruidDataSource   : {dataSource-1} closing ...
2024-04-01 15:53:56.508  INFO 2232 --- [SpringApplicationShutdownHook] com.alibaba.druid.pool.DruidDataSource   : {dataSource-1} closed
2024-04-01 16:04:22.277  INFO 25276 --- [main] com.shou.hpsys.HpsysApplicationTests     : Starting HpsysApplicationTests using Java 1.8.0_402 on HYH with PID 25276 (started by 27121 in E:\PROGRAM_SAVE\IDEA\hpsys)
2024-04-01 16:04:22.296  INFO 25276 --- [main] com.shou.hpsys.HpsysApplicationTests     : The following 1 profile is active: "dev"
2024-04-01 16:04:23.764  INFO 25276 --- [main] .s.d.r.c.RepositoryConfigurationDelegate : Multiple Spring Data modules found, entering strict repository configuration mode!
2024-04-01 16:04:23.769  INFO 25276 --- [main] .s.d.r.c.RepositoryConfigurationDelegate : Bootstrapping Spring Data Redis repositories in DEFAULT mode.
2024-04-01 16:04:23.936  INFO 25276 --- [main] .s.d.r.c.RepositoryConfigurationDelegate : Finished Spring Data repository scanning in 38 ms. Found 0 Redis repository interfaces.
2024-04-01 16:04:27.551  INFO 25276 --- [main] c.a.d.s.b.a.DruidDataSourceAutoConfigure : Init DruidDataSource
2024-04-01 16:04:29.120  INFO 25276 --- [main] com.alibaba.druid.pool.DruidDataSource   : {dataSource-1} inited
2024-04-01 16:04:32.041  INFO 25276 --- [main] o.s.b.a.w.s.WelcomePageHandlerMapping    : Adding welcome page: class path resource [static/index.html]
2024-04-01 16:04:32.467  INFO 25276 --- [main] com.fhs.common.spring.SpringContextUtil  : ------SpringContextUtil setApplicationContext-------
2024-04-01 16:04:33.898  INFO 25276 --- [main] com.shou.hpsys.HpsysApplicationTests     : Started HpsysApplicationTests in 12.48 seconds (JVM running for 13.359)
2024-04-01 16:04:34.979  INFO 25276 --- [SpringApplicationShutdownHook] com.alibaba.druid.pool.DruidDataSource   : {dataSource-1} closing ...
2024-04-01 16:04:35.000  INFO 25276 --- [SpringApplicationShutdownHook] com.alibaba.druid.pool.DruidDataSource   : {dataSource-1} closed
2024-04-01 16:13:41.967  INFO 9488 --- [main] com.shou.hpsys.HpsysApplicationTests     : Starting HpsysApplicationTests using Java 1.8.0_402 on HYH with PID 9488 (started by 27121 in E:\PROGRAM_SAVE\IDEA\hpsys)
2024-04-01 16:13:41.969  INFO 9488 --- [main] com.shou.hpsys.HpsysApplicationTests     : The following 1 profile is active: "dev"
2024-04-01 16:13:42.939  INFO 9488 --- [main] .s.d.r.c.RepositoryConfigurationDelegate : Multiple Spring Data modules found, entering strict repository configuration mode!
2024-04-01 16:13:42.943  INFO 9488 --- [main] .s.d.r.c.RepositoryConfigurationDelegate : Bootstrapping Spring Data Redis repositories in DEFAULT mode.
2024-04-01 16:13:42.995  INFO 9488 --- [main] .s.d.r.c.RepositoryConfigurationDelegate : Finished Spring Data repository scanning in 32 ms. Found 0 Redis repository interfaces.
2024-04-01 16:13:44.637  INFO 9488 --- [main] c.a.d.s.b.a.DruidDataSourceAutoConfigure : Init DruidDataSource
2024-04-01 16:13:47.668  INFO 9488 --- [main] com.alibaba.druid.pool.DruidDataSource   : {dataSource-1} inited
2024-04-01 16:13:52.024  INFO 9488 --- [main] o.s.b.a.w.s.WelcomePageHandlerMapping    : Adding welcome page: class path resource [static/index.html]
2024-04-01 16:13:52.566  INFO 9488 --- [main] com.fhs.common.spring.SpringContextUtil  : ------SpringContextUtil setApplicationContext-------
2024-04-01 16:13:54.324  INFO 9488 --- [main] com.shou.hpsys.HpsysApplicationTests     : Started HpsysApplicationTests in 13.261 seconds (JVM running for 14.286)
2024-04-01 16:13:55.203  INFO 9488 --- [SpringApplicationShutdownHook] com.alibaba.druid.pool.DruidDataSource   : {dataSource-1} closing ...
2024-04-01 16:13:55.261  INFO 9488 --- [SpringApplicationShutdownHook] com.alibaba.druid.pool.DruidDataSource   : {dataSource-1} closed
2024-04-01 16:14:31.783  INFO 27652 --- [main] com.shou.hpsys.HpsysApplicationTests     : Starting HpsysApplicationTests using Java 1.8.0_402 on HYH with PID 27652 (started by 27121 in E:\PROGRAM_SAVE\IDEA\hpsys)
2024-04-01 16:14:31.785  INFO 27652 --- [main] com.shou.hpsys.HpsysApplicationTests     : The following 1 profile is active: "dev"
2024-04-01 16:14:32.691  INFO 27652 --- [main] .s.d.r.c.RepositoryConfigurationDelegate : Multiple Spring Data modules found, entering strict repository configuration mode!
2024-04-01 16:14:32.694  INFO 27652 --- [main] .s.d.r.c.RepositoryConfigurationDelegate : Bootstrapping Spring Data Redis repositories in DEFAULT mode.
2024-04-01 16:14:32.745  INFO 27652 --- [main] .s.d.r.c.RepositoryConfigurationDelegate : Finished Spring Data repository scanning in 34 ms. Found 0 Redis repository interfaces.
2024-04-01 16:14:34.261  INFO 27652 --- [main] c.a.d.s.b.a.DruidDataSourceAutoConfigure : Init DruidDataSource
2024-04-01 16:14:35.512  INFO 27652 --- [main] com.alibaba.druid.pool.DruidDataSource   : {dataSource-1} inited
2024-04-01 16:14:38.228  INFO 27652 --- [main] o.s.b.a.w.s.WelcomePageHandlerMapping    : Adding welcome page: class path resource [static/index.html]
2024-04-01 16:14:38.581  INFO 27652 --- [main] com.fhs.common.spring.SpringContextUtil  : ------SpringContextUtil setApplicationContext-------
2024-04-01 16:14:39.742  INFO 27652 --- [main] com.shou.hpsys.HpsysApplicationTests     : Started HpsysApplicationTests in 8.847 seconds (JVM running for 9.756)
2024-04-01 16:14:40.084  INFO 27652 --- [SpringApplicationShutdownHook] com.alibaba.druid.pool.DruidDataSource   : {dataSource-1} closing ...
2024-04-01 16:14:40.097  INFO 27652 --- [SpringApplicationShutdownHook] com.alibaba.druid.pool.DruidDataSource   : {dataSource-1} closed
2024-04-01 16:24:18.250  INFO 23504 --- [main] com.shou.hpsys.HpsysApplicationTests     : Starting HpsysApplicationTests using Java 1.8.0_402 on HYH with PID 23504 (started by 27121 in E:\PROGRAM_SAVE\IDEA\hpsys)
2024-04-01 16:24:18.280  INFO 23504 --- [main] com.shou.hpsys.HpsysApplicationTests     : The following 1 profile is active: "prod"
2024-04-01 16:24:19.248  INFO 23504 --- [main] .s.d.r.c.RepositoryConfigurationDelegate : Multiple Spring Data modules found, entering strict repository configuration mode!
2024-04-01 16:24:19.252  INFO 23504 --- [main] .s.d.r.c.RepositoryConfigurationDelegate : Bootstrapping Spring Data Redis repositories in DEFAULT mode.
2024-04-01 16:24:19.298  INFO 23504 --- [main] .s.d.r.c.RepositoryConfigurationDelegate : Finished Spring Data repository scanning in 27 ms. Found 0 Redis repository interfaces.
2024-04-01 16:24:22.632  INFO 23504 --- [main] c.a.d.s.b.a.DruidDataSourceAutoConfigure : Init DruidDataSource
2024-04-01 16:24:25.510  INFO 23504 --- [main] com.alibaba.druid.pool.DruidDataSource   : {dataSource-1} inited
2024-04-01 16:24:29.599  INFO 23504 --- [main] o.s.b.a.w.s.WelcomePageHandlerMapping    : Adding welcome page: class path resource [static/index.html]
2024-04-01 16:24:30.061  INFO 23504 --- [main] com.fhs.common.spring.SpringContextUtil  : ------SpringContextUtil setApplicationContext-------
2024-04-01 16:24:31.409  INFO 23504 --- [main] com.shou.hpsys.HpsysApplicationTests     : Started HpsysApplicationTests in 14.076 seconds (JVM running for 15.022)
2024-04-01 16:24:32.150  INFO 23504 --- [SpringApplicationShutdownHook] com.alibaba.druid.pool.DruidDataSource   : {dataSource-1} closing ...
2024-04-01 16:24:32.189  INFO 23504 --- [SpringApplicationShutdownHook] com.alibaba.druid.pool.DruidDataSource   : {dataSource-1} closed
2024-04-01 16:31:33.041  INFO 29704 --- [main] com.shou.hpsys.HpsysApplicationTests     : Starting HpsysApplicationTests using Java 1.8.0_402 on HYH with PID 29704 (started by 27121 in E:\PROGRAM_SAVE\IDEA\hpsys)
2024-04-01 16:31:33.043  INFO 29704 --- [main] com.shou.hpsys.HpsysApplicationTests     : The following 1 profile is active: "prod"
2024-04-01 16:31:33.902  INFO 29704 --- [main] .s.d.r.c.RepositoryConfigurationDelegate : Multiple Spring Data modules found, entering strict repository configuration mode!
2024-04-01 16:31:33.905  INFO 29704 --- [main] .s.d.r.c.RepositoryConfigurationDelegate : Bootstrapping Spring Data Redis repositories in DEFAULT mode.
2024-04-01 16:31:33.947  INFO 29704 --- [main] .s.d.r.c.RepositoryConfigurationDelegate : Finished Spring Data repository scanning in 28 ms. Found 0 Redis repository interfaces.
2024-04-01 16:31:35.309  INFO 29704 --- [main] c.a.d.s.b.a.DruidDataSourceAutoConfigure : Init DruidDataSource
2024-04-01 16:31:36.360  INFO 29704 --- [main] com.alibaba.druid.pool.DruidDataSource   : {dataSource-1} inited
2024-04-01 16:31:38.916  INFO 29704 --- [main] o.s.b.a.w.s.WelcomePageHandlerMapping    : Adding welcome page: class path resource [static/index.html]
2024-04-01 16:31:39.426  INFO 29704 --- [main] com.fhs.common.spring.SpringContextUtil  : ------SpringContextUtil setApplicationContext-------
2024-04-01 16:31:40.889  INFO 29704 --- [main] com.shou.hpsys.HpsysApplicationTests     : Started HpsysApplicationTests in 8.675 seconds (JVM running for 9.665)
2024-04-01 16:31:41.433  INFO 29704 --- [SpringApplicationShutdownHook] com.alibaba.druid.pool.DruidDataSource   : {dataSource-1} closing ...
2024-04-01 16:31:41.453  INFO 29704 --- [SpringApplicationShutdownHook] com.alibaba.druid.pool.DruidDataSource   : {dataSource-1} closed
2024-04-01 16:32:14.892  INFO 24580 --- [main] com.shou.hpsys.HpsysApplicationTests     : Starting HpsysApplicationTests using Java 1.8.0_402 on HYH with PID 24580 (started by 27121 in E:\PROGRAM_SAVE\IDEA\hpsys)
2024-04-01 16:32:14.894  INFO 24580 --- [main] com.shou.hpsys.HpsysApplicationTests     : The following 1 profile is active: "prod"
2024-04-01 16:32:16.039  INFO 24580 --- [main] .s.d.r.c.RepositoryConfigurationDelegate : Multiple Spring Data modules found, entering strict repository configuration mode!
2024-04-01 16:32:16.044  INFO 24580 --- [main] .s.d.r.c.RepositoryConfigurationDelegate : Bootstrapping Spring Data Redis repositories in DEFAULT mode.
2024-04-01 16:32:16.086  INFO 24580 --- [main] .s.d.r.c.RepositoryConfigurationDelegate : Finished Spring Data repository scanning in 25 ms. Found 0 Redis repository interfaces.
2024-04-01 16:32:17.542  INFO 24580 --- [main] c.a.d.s.b.a.DruidDataSourceAutoConfigure : Init DruidDataSource
2024-04-01 16:32:18.761  INFO 24580 --- [main] com.alibaba.druid.pool.DruidDataSource   : {dataSource-1} inited
2024-04-01 16:32:22.504  INFO 24580 --- [main] o.s.b.a.w.s.WelcomePageHandlerMapping    : Adding welcome page: class path resource [static/index.html]
2024-04-01 16:32:22.876  INFO 24580 --- [main] com.fhs.common.spring.SpringContextUtil  : ------SpringContextUtil setApplicationContext-------
2024-04-01 16:32:24.044  INFO 24580 --- [main] com.shou.hpsys.HpsysApplicationTests     : Started HpsysApplicationTests in 10.215 seconds (JVM running for 11.493)
2024-04-01 16:32:24.364  INFO 24580 --- [SpringApplicationShutdownHook] com.alibaba.druid.pool.DruidDataSource   : {dataSource-1} closing ...
2024-04-01 16:32:24.380  INFO 24580 --- [SpringApplicationShutdownHook] com.alibaba.druid.pool.DruidDataSource   : {dataSource-1} closed
2024-04-01 16:33:51.900  INFO 28540 --- [main] com.shou.hpsys.HpsysApplicationTests     : Starting HpsysApplicationTests using Java 1.8.0_402 on HYH with PID 28540 (started by 27121 in E:\PROGRAM_SAVE\IDEA\hpsys)
2024-04-01 16:33:51.901  INFO 28540 --- [main] com.shou.hpsys.HpsysApplicationTests     : The following 1 profile is active: "prod"
2024-04-01 16:33:53.046  INFO 28540 --- [main] .s.d.r.c.RepositoryConfigurationDelegate : Multiple Spring Data modules found, entering strict repository configuration mode!
2024-04-01 16:33:53.051  INFO 28540 --- [main] .s.d.r.c.RepositoryConfigurationDelegate : Bootstrapping Spring Data Redis repositories in DEFAULT mode.
2024-04-01 16:33:53.109  INFO 28540 --- [main] .s.d.r.c.RepositoryConfigurationDelegate : Finished Spring Data repository scanning in 36 ms. Found 0 Redis repository interfaces.
2024-04-01 16:33:54.511  INFO 28540 --- [main] c.a.d.s.b.a.DruidDataSourceAutoConfigure : Init DruidDataSource
2024-04-01 16:33:55.536  INFO 28540 --- [main] com.alibaba.druid.pool.DruidDataSource   : {dataSource-1} inited
2024-04-01 16:33:57.794  INFO 28540 --- [main] o.s.b.a.w.s.WelcomePageHandlerMapping    : Adding welcome page: class path resource [static/index.html]
2024-04-01 16:33:58.167  INFO 28540 --- [main] com.fhs.common.spring.SpringContextUtil  : ------SpringContextUtil setApplicationContext-------
2024-04-01 16:33:59.296  INFO 28540 --- [main] com.shou.hpsys.HpsysApplicationTests     : Started HpsysApplicationTests in 8.269 seconds (JVM running for 9.266)
2024-04-01 16:33:59.617  INFO 28540 --- [SpringApplicationShutdownHook] com.alibaba.druid.pool.DruidDataSource   : {dataSource-1} closing ...
2024-04-01 16:33:59.633  INFO 28540 --- [SpringApplicationShutdownHook] com.alibaba.druid.pool.DruidDataSource   : {dataSource-1} closed
2024-04-01 16:38:30.716  INFO 28788 --- [main] com.shou.hpsys.HpsysApplicationTests     : Starting HpsysApplicationTests using Java 1.8.0_402 on HYH with PID 28788 (started by 27121 in E:\PROGRAM_SAVE\IDEA\hpsys)
2024-04-01 16:38:30.718  INFO 28788 --- [main] com.shou.hpsys.HpsysApplicationTests     : The following 1 profile is active: "prod"
2024-04-01 16:38:31.787  INFO 28788 --- [main] .s.d.r.c.RepositoryConfigurationDelegate : Multiple Spring Data modules found, entering strict repository configuration mode!
2024-04-01 16:38:31.791  INFO 28788 --- [main] .s.d.r.c.RepositoryConfigurationDelegate : Bootstrapping Spring Data Redis repositories in DEFAULT mode.
2024-04-01 16:38:31.835  INFO 28788 --- [main] .s.d.r.c.RepositoryConfigurationDelegate : Finished Spring Data repository scanning in 27 ms. Found 0 Redis repository interfaces.
2024-04-01 16:38:33.315  INFO 28788 --- [main] c.a.d.s.b.a.DruidDataSourceAutoConfigure : Init DruidDataSource
2024-04-01 16:38:34.480  INFO 28788 --- [main] com.alibaba.druid.pool.DruidDataSource   : {dataSource-1} inited
2024-04-01 16:38:37.033  INFO 28788 --- [main] o.s.b.a.w.s.WelcomePageHandlerMapping    : Adding welcome page: class path resource [static/index.html]
2024-04-01 16:38:37.376  INFO 28788 --- [main] com.fhs.common.spring.SpringContextUtil  : ------SpringContextUtil setApplicationContext-------
2024-04-01 16:38:38.599  INFO 28788 --- [main] com.shou.hpsys.HpsysApplicationTests     : Started HpsysApplicationTests in 8.814 seconds (JVM running for 10.06)
2024-04-01 16:38:39.380  INFO 28788 --- [SpringApplicationShutdownHook] com.alibaba.druid.pool.DruidDataSource   : {dataSource-1} closing ...
2024-04-01 16:38:39.412  INFO 28788 --- [SpringApplicationShutdownHook] com.alibaba.druid.pool.DruidDataSource   : {dataSource-1} closed
2024-04-01 16:40:33.717  INFO 9712 --- [main] com.shou.hpsys.HpsysApplication          : Starting HpsysApplication using Java 1.8.0_402 on HYH with PID 9712 (E:\PROGRAM_SAVE\IDEA\hpsys\target\classes started by 27121 in E:\PROGRAM_SAVE\IDEA\hpsys)
2024-04-01 16:40:33.720  INFO 9712 --- [main] com.shou.hpsys.HpsysApplication          : The following 1 profile is active: "prod"
2024-04-01 16:40:34.373  INFO 9712 --- [main] .s.d.r.c.RepositoryConfigurationDelegate : Multiple Spring Data modules found, entering strict repository configuration mode!
2024-04-01 16:40:34.375  INFO 9712 --- [main] .s.d.r.c.RepositoryConfigurationDelegate : Bootstrapping Spring Data Redis repositories in DEFAULT mode.
2024-04-01 16:40:34.405  INFO 9712 --- [main] .s.d.r.c.RepositoryConfigurationDelegate : Finished Spring Data repository scanning in 18 ms. Found 0 Redis repository interfaces.
2024-04-01 16:40:34.952  INFO 9712 --- [main] o.s.b.w.embedded.tomcat.TomcatWebServer  : Tomcat initialized with port(s): 82 (http)
2024-04-01 16:40:34.959  INFO 9712 --- [main] o.apache.catalina.core.StandardService   : Starting service [Tomcat]
2024-04-01 16:40:34.959  INFO 9712 --- [main] org.apache.catalina.core.StandardEngine  : Starting Servlet engine: [Apache Tomcat/9.0.60]
2024-04-01 16:40:35.039  INFO 9712 --- [main] o.a.c.c.C.[Tomcat].[localhost].[/]       : Initializing Spring embedded WebApplicationContext
2024-04-01 16:40:35.039  INFO 9712 --- [main] w.s.c.ServletWebServerApplicationContext : Root WebApplicationContext: initialization completed in 1287 ms
2024-04-01 16:40:35.480  INFO 9712 --- [main] c.a.d.s.b.a.DruidDataSourceAutoConfigure : Init DruidDataSource
2024-04-01 16:40:35.908  INFO 9712 --- [main] com.alibaba.druid.pool.DruidDataSource   : {dataSource-1} inited
2024-04-01 16:40:36.948  INFO 9712 --- [main] o.s.b.a.w.s.WelcomePageHandlerMapping    : Adding welcome page: class path resource [static/index.html]
2024-04-01 16:40:37.049  INFO 9712 --- [main] com.fhs.common.spring.SpringContextUtil  : ------SpringContextUtil setApplicationContext-------
2024-04-01 16:40:37.595  INFO 9712 --- [main] o.s.b.w.embedded.tomcat.TomcatWebServer  : Tomcat started on port(s): 82 (http) with context path ''
2024-04-01 16:40:37.936  INFO 9712 --- [main] com.shou.hpsys.HpsysApplication          : Started HpsysApplication in 4.973 seconds (JVM running for 6.014)
2024-04-01 16:40:37.943  INFO 9712 --- [main] com.shou.hpsys.HpsysApplication          : >>> HPSYSAPPLICATION STARTING SUCCESS
2024-04-01 16:40:47.308  INFO 9712 --- [SpringApplicationShutdownHook] com.alibaba.druid.pool.DruidDataSource   : {dataSource-1} closing ...
2024-04-01 16:40:47.313  INFO 9712 --- [SpringApplicationShutdownHook] com.alibaba.druid.pool.DruidDataSource   : {dataSource-1} closed
2024-04-01 16:46:10.025  INFO 25080 --- [main] com.shou.hpsys.HpsysApplicationTests     : Starting HpsysApplicationTests using Java 1.8.0_402 on HYH with PID 25080 (started by 27121 in E:\PROGRAM_SAVE\IDEA\hpsys)
2024-04-01 16:46:10.057  INFO 25080 --- [main] com.shou.hpsys.HpsysApplicationTests     : The following 1 profile is active: "prod"
2024-04-01 16:46:10.979  INFO 25080 --- [main] .s.d.r.c.RepositoryConfigurationDelegate : Multiple Spring Data modules found, entering strict repository configuration mode!
2024-04-01 16:46:10.983  INFO 25080 --- [main] .s.d.r.c.RepositoryConfigurationDelegate : Bootstrapping Spring Data Redis repositories in DEFAULT mode.
2024-04-01 16:46:11.031  INFO 25080 --- [main] .s.d.r.c.RepositoryConfigurationDelegate : Finished Spring Data repository scanning in 30 ms. Found 0 Redis repository interfaces.
2024-04-01 16:46:12.529  INFO 25080 --- [main] c.a.d.s.b.a.DruidDataSourceAutoConfigure : Init DruidDataSource
2024-04-01 16:46:13.763  INFO 25080 --- [main] com.alibaba.druid.pool.DruidDataSource   : {dataSource-1} inited
2024-04-01 16:46:16.868  INFO 25080 --- [main] o.s.b.a.w.s.WelcomePageHandlerMapping    : Adding welcome page: class path resource [static/index.html]
2024-04-01 16:46:17.323  INFO 25080 --- [main] com.fhs.common.spring.SpringContextUtil  : ------SpringContextUtil setApplicationContext-------
2024-04-01 16:46:18.553  INFO 25080 --- [main] com.shou.hpsys.HpsysApplicationTests     : Started HpsysApplicationTests in 9.432 seconds (JVM running for 10.323)
2024-04-01 16:46:19.283  INFO 25080 --- [SpringApplicationShutdownHook] com.alibaba.druid.pool.DruidDataSource   : {dataSource-1} closing ...
2024-04-01 16:46:19.324  INFO 25080 --- [SpringApplicationShutdownHook] com.alibaba.druid.pool.DruidDataSource   : {dataSource-1} closed
2024-04-01 16:47:31.363  INFO 6808 --- [main] com.shou.hpsys.HpsysApplicationTests     : Starting HpsysApplicationTests using Java 1.8.0_402 on HYH with PID 6808 (started by 27121 in E:\PROGRAM_SAVE\IDEA\hpsys)
2024-04-01 16:47:31.364  INFO 6808 --- [main] com.shou.hpsys.HpsysApplicationTests     : The following 1 profile is active: "dev"
2024-04-01 16:47:32.260  INFO 6808 --- [main] .s.d.r.c.RepositoryConfigurationDelegate : Multiple Spring Data modules found, entering strict repository configuration mode!
2024-04-01 16:47:32.264  INFO 6808 --- [main] .s.d.r.c.RepositoryConfigurationDelegate : Bootstrapping Spring Data Redis repositories in DEFAULT mode.
2024-04-01 16:47:32.307  INFO 6808 --- [main] .s.d.r.c.RepositoryConfigurationDelegate : Finished Spring Data repository scanning in 27 ms. Found 0 Redis repository interfaces.
2024-04-01 16:47:33.896  INFO 6808 --- [main] c.a.d.s.b.a.DruidDataSourceAutoConfigure : Init DruidDataSource
2024-04-01 16:47:35.101  INFO 6808 --- [main] com.alibaba.druid.pool.DruidDataSource   : {dataSource-1} inited
2024-04-01 16:47:37.911  INFO 6808 --- [main] o.s.b.a.w.s.WelcomePageHandlerMapping    : Adding welcome page: class path resource [static/index.html]
2024-04-01 16:47:38.388  INFO 6808 --- [main] com.fhs.common.spring.SpringContextUtil  : ------SpringContextUtil setApplicationContext-------
2024-04-01 16:47:39.606  INFO 6808 --- [main] com.shou.hpsys.HpsysApplicationTests     : Started HpsysApplicationTests in 9.128 seconds (JVM running for 10.049)
2024-04-01 16:47:39.922  INFO 6808 --- [SpringApplicationShutdownHook] com.alibaba.druid.pool.DruidDataSource   : {dataSource-1} closing ...
2024-04-01 16:47:39.935  INFO 6808 --- [SpringApplicationShutdownHook] com.alibaba.druid.pool.DruidDataSource   : {dataSource-1} closed
2024-04-01 17:03:53.071  INFO 23704 --- [main] com.shou.hpsys.HpsysApplication          : Starting HpsysApplication using Java 1.8.0_402 on HYH with PID 23704 (E:\PROGRAM_SAVE\IDEA\hpsys\target\classes started by 27121 in E:\PROGRAM_SAVE\IDEA\hpsys)
2024-04-01 17:03:53.114  INFO 23704 --- [main] com.shou.hpsys.HpsysApplication          : The following 1 profile is active: "dev"
2024-04-01 17:03:55.717  INFO 23704 --- [main] .s.d.r.c.RepositoryConfigurationDelegate : Multiple Spring Data modules found, entering strict repository configuration mode!
2024-04-01 17:03:55.721  INFO 23704 --- [main] .s.d.r.c.RepositoryConfigurationDelegate : Bootstrapping Spring Data Redis repositories in DEFAULT mode.
2024-04-01 17:03:55.801  INFO 23704 --- [main] .s.d.r.c.RepositoryConfigurationDelegate : Finished Spring Data repository scanning in 23 ms. Found 0 Redis repository interfaces.
2024-04-01 17:03:57.301  INFO 23704 --- [main] o.s.b.w.embedded.tomcat.TomcatWebServer  : Tomcat initialized with port(s): 82 (http)
2024-04-01 17:03:57.324  INFO 23704 --- [main] o.apache.catalina.core.StandardService   : Starting service [Tomcat]
2024-04-01 17:03:57.324  INFO 23704 --- [main] org.apache.catalina.core.StandardEngine  : Starting Servlet engine: [Apache Tomcat/9.0.60]
2024-04-01 17:03:57.538  INFO 23704 --- [main] o.a.c.c.C.[Tomcat].[localhost].[/]       : Initializing Spring embedded WebApplicationContext
2024-04-01 17:03:57.538  INFO 23704 --- [main] w.s.c.ServletWebServerApplicationContext : Root WebApplicationContext: initialization completed in 4180 ms
2024-04-01 17:03:58.661  INFO 23704 --- [main] c.a.d.s.b.a.DruidDataSourceAutoConfigure : Init DruidDataSource
2024-04-01 17:03:59.885  INFO 23704 --- [main] com.alibaba.druid.pool.DruidDataSource   : {dataSource-1} inited
2024-04-01 17:04:01.338  INFO 23704 --- [main] o.s.b.a.w.s.WelcomePageHandlerMapping    : Adding welcome page: class path resource [static/index.html]
2024-04-01 17:04:01.477  INFO 23704 --- [main] com.fhs.common.spring.SpringContextUtil  : ------SpringContextUtil setApplicationContext-------
2024-04-01 17:04:02.287  INFO 23704 --- [main] o.s.b.w.embedded.tomcat.TomcatWebServer  : Tomcat started on port(s): 82 (http) with context path ''
2024-04-01 17:04:02.652  INFO 23704 --- [main] com.shou.hpsys.HpsysApplication          : Started HpsysApplication in 11.471 seconds (JVM running for 14.554)
2024-04-01 17:04:02.660  INFO 23704 --- [main] com.shou.hpsys.HpsysApplication          : >>> HPSYSAPPLICATION STARTING SUCCESS
2024-04-01 17:05:14.249  INFO 23704 --- [SpringApplicationShutdownHook] com.alibaba.druid.pool.DruidDataSource   : {dataSource-1} closing ...
2024-04-01 17:05:14.318  INFO 23704 --- [SpringApplicationShutdownHook] com.alibaba.druid.pool.DruidDataSource   : {dataSource-1} closed
2024-04-01 17:07:29.771  INFO 17828 --- [main] com.shou.hpsys.HpsysApplication          : Starting HpsysApplication using Java 1.8.0_402 on HYH with PID 17828 (E:\PROGRAM_SAVE\IDEA\hpsys\target\classes started by 27121 in E:\PROGRAM_SAVE\IDEA\hpsys)
2024-04-01 17:07:29.805  INFO 17828 --- [main] com.shou.hpsys.HpsysApplication          : The following 1 profile is active: "dev"
2024-04-01 17:07:32.610  INFO 17828 --- [main] .s.d.r.c.RepositoryConfigurationDelegate : Multiple Spring Data modules found, entering strict repository configuration mode!
2024-04-01 17:07:32.616  INFO 17828 --- [main] .s.d.r.c.RepositoryConfigurationDelegate : Bootstrapping Spring Data Redis repositories in DEFAULT mode.
2024-04-01 17:07:32.690  INFO 17828 --- [main] .s.d.r.c.RepositoryConfigurationDelegate : Finished Spring Data repository scanning in 25 ms. Found 0 Redis repository interfaces.
2024-04-01 17:07:34.550  INFO 17828 --- [main] o.s.b.w.embedded.tomcat.TomcatWebServer  : Tomcat initialized with port(s): 82 (http)
2024-04-01 17:07:34.561  INFO 17828 --- [main] o.apache.catalina.core.StandardService   : Starting service [Tomcat]
2024-04-01 17:07:34.561  INFO 17828 --- [main] org.apache.catalina.core.StandardEngine  : Starting Servlet engine: [Apache Tomcat/9.0.60]
2024-04-01 17:07:34.744  INFO 17828 --- [main] o.a.c.c.C.[Tomcat].[localhost].[/]       : Initializing Spring embedded WebApplicationContext
2024-04-01 17:07:34.744  INFO 17828 --- [main] w.s.c.ServletWebServerApplicationContext : Root WebApplicationContext: initialization completed in 4731 ms
2024-04-01 17:07:36.049  INFO 17828 --- [main] c.a.d.s.b.a.DruidDataSourceAutoConfigure : Init DruidDataSource
2024-04-01 17:07:36.873  INFO 17828 --- [main] com.alibaba.druid.pool.DruidDataSource   : {dataSource-1} inited
2024-04-01 17:07:38.550  INFO 17828 --- [main] o.s.b.a.w.s.WelcomePageHandlerMapping    : Adding welcome page: class path resource [static/index.html]
2024-04-01 17:07:38.734  INFO 17828 --- [main] com.fhs.common.spring.SpringContextUtil  : ------SpringContextUtil setApplicationContext-------
2024-04-01 17:07:39.589  INFO 17828 --- [main] o.s.b.w.embedded.tomcat.TomcatWebServer  : Tomcat started on port(s): 82 (http) with context path ''
2024-04-01 17:07:39.987  INFO 17828 --- [main] com.shou.hpsys.HpsysApplication          : Started HpsysApplication in 12.018 seconds (JVM running for 14.263)
2024-04-01 17:07:39.998  INFO 17828 --- [main] com.shou.hpsys.HpsysApplication          : >>> HPSYSAPPLICATION STARTING SUCCESS
2024-04-01 17:07:40.257  INFO 17828 --- [SpringApplicationShutdownHook] com.alibaba.druid.pool.DruidDataSource   : {dataSource-1} closing ...
2024-04-01 17:07:40.265  INFO 17828 --- [SpringApplicationShutdownHook] com.alibaba.druid.pool.DruidDataSource   : {dataSource-1} closed
2024-04-01 17:08:03.675  INFO 30544 --- [main] com.shou.hpsys.HpsysApplication          : Starting HpsysApplication using Java 1.8.0_402 on HYH with PID 30544 (E:\PROGRAM_SAVE\IDEA\hpsys\target\classes started by 27121 in E:\PROGRAM_SAVE\IDEA\hpsys)
2024-04-01 17:08:03.677  INFO 30544 --- [main] com.shou.hpsys.HpsysApplication          : The following 1 profile is active: "dev"
2024-04-01 17:08:04.390  INFO 30544 --- [main] .s.d.r.c.RepositoryConfigurationDelegate : Multiple Spring Data modules found, entering strict repository configuration mode!
2024-04-01 17:08:04.392  INFO 30544 --- [main] .s.d.r.c.RepositoryConfigurationDelegate : Bootstrapping Spring Data Redis repositories in DEFAULT mode.
2024-04-01 17:08:04.421  INFO 30544 --- [main] .s.d.r.c.RepositoryConfigurationDelegate : Finished Spring Data repository scanning in 17 ms. Found 0 Redis repository interfaces.
2024-04-01 17:08:04.932  INFO 30544 --- [main] o.s.b.w.embedded.tomcat.TomcatWebServer  : Tomcat initialized with port(s): 82 (http)
2024-04-01 17:08:04.938  INFO 30544 --- [main] o.apache.catalina.core.StandardService   : Starting service [Tomcat]
2024-04-01 17:08:04.939  INFO 30544 --- [main] org.apache.catalina.core.StandardEngine  : Starting Servlet engine: [Apache Tomcat/9.0.60]
2024-04-01 17:08:05.012  INFO 30544 --- [main] o.a.c.c.C.[Tomcat].[localhost].[/]       : Initializing Spring embedded WebApplicationContext
2024-04-01 17:08:05.012  INFO 30544 --- [main] w.s.c.ServletWebServerApplicationContext : Root WebApplicationContext: initialization completed in 1277 ms
2024-04-01 17:08:05.494  INFO 30544 --- [main] c.a.d.s.b.a.DruidDataSourceAutoConfigure : Init DruidDataSource
2024-04-01 17:08:05.914  INFO 30544 --- [main] com.alibaba.druid.pool.DruidDataSource   : {dataSource-1} inited
2024-04-01 17:08:07.012  INFO 30544 --- [main] o.s.b.a.w.s.WelcomePageHandlerMapping    : Adding welcome page: class path resource [static/index.html]
2024-04-01 17:08:07.113  INFO 30544 --- [main] com.fhs.common.spring.SpringContextUtil  : ------SpringContextUtil setApplicationContext-------
2024-04-01 17:08:07.783  INFO 30544 --- [main] o.s.b.w.embedded.tomcat.TomcatWebServer  : Tomcat started on port(s): 82 (http) with context path ''
2024-04-01 17:08:08.131  INFO 30544 --- [main] com.shou.hpsys.HpsysApplication          : Started HpsysApplication in 5.796 seconds (JVM running for 7.629)
2024-04-01 17:08:08.138  INFO 30544 --- [main] com.shou.hpsys.HpsysApplication          : >>> HPSYSAPPLICATION STARTING SUCCESS
2024-04-01 17:08:33.725  INFO 28180 --- [main] com.shou.hpsys.HpsysApplicationTests     : Starting HpsysApplicationTests using Java 1.8.0_402 on HYH with PID 28180 (started by 27121 in E:\PROGRAM_SAVE\IDEA\hpsys)
2024-04-01 17:08:33.727  INFO 28180 --- [main] com.shou.hpsys.HpsysApplicationTests     : The following 1 profile is active: "dev"
2024-04-01 17:08:34.847  INFO 28180 --- [main] .s.d.r.c.RepositoryConfigurationDelegate : Multiple Spring Data modules found, entering strict repository configuration mode!
2024-04-01 17:08:34.851  INFO 28180 --- [main] .s.d.r.c.RepositoryConfigurationDelegate : Bootstrapping Spring Data Redis repositories in DEFAULT mode.
2024-04-01 17:08:34.900  INFO 28180 --- [main] .s.d.r.c.RepositoryConfigurationDelegate : Finished Spring Data repository scanning in 31 ms. Found 0 Redis repository interfaces.
2024-04-01 17:08:36.834  INFO 28180 --- [main] c.a.d.s.b.a.DruidDataSourceAutoConfigure : Init DruidDataSource
2024-04-01 17:08:39.531  INFO 28180 --- [main] com.alibaba.druid.pool.DruidDataSource   : {dataSource-1} inited
2024-04-01 17:08:43.372  INFO 28180 --- [main] o.s.b.a.w.s.WelcomePageHandlerMapping    : Adding welcome page: class path resource [static/index.html]
2024-04-01 17:08:43.860  INFO 28180 --- [main] com.fhs.common.spring.SpringContextUtil  : ------SpringContextUtil setApplicationContext-------
2024-04-01 17:08:45.703  INFO 28180 --- [main] com.shou.hpsys.HpsysApplicationTests     : Started HpsysApplicationTests in 12.925 seconds (JVM running for 13.932)
2024-04-01 17:08:46.992  INFO 28180 --- [SpringApplicationShutdownHook] com.alibaba.druid.pool.DruidDataSource   : {dataSource-1} closing ...
2024-04-01 17:08:47.047  INFO 28180 --- [SpringApplicationShutdownHook] com.alibaba.druid.pool.DruidDataSource   : {dataSource-1} closed
2024-04-01 17:09:01.978  INFO 30544 --- [SpringApplicationShutdownHook] com.alibaba.druid.pool.DruidDataSource   : {dataSource-1} closing ...
2024-04-01 17:09:01.985  INFO 30544 --- [SpringApplicationShutdownHook] com.alibaba.druid.pool.DruidDataSource   : {dataSource-1} closed
2024-04-01 17:19:45.874  INFO 30380 --- [main] com.shou.hpsys.HpsysApplicationTests     : Starting HpsysApplicationTests using Java 1.8.0_402 on HYH with PID 30380 (started by 27121 in E:\PROGRAM_SAVE\IDEA\hpsys)
2024-04-01 17:19:45.908  INFO 30380 --- [main] com.shou.hpsys.HpsysApplicationTests     : The following 1 profile is active: "dev"
2024-04-01 17:19:49.481  INFO 30380 --- [main] .s.d.r.c.RepositoryConfigurationDelegate : Multiple Spring Data modules found, entering strict repository configuration mode!
2024-04-01 17:19:49.493  INFO 30380 --- [main] .s.d.r.c.RepositoryConfigurationDelegate : Bootstrapping Spring Data Redis repositories in DEFAULT mode.
2024-04-01 17:19:49.600  INFO 30380 --- [main] .s.d.r.c.RepositoryConfigurationDelegate : Finished Spring Data repository scanning in 68 ms. Found 0 Redis repository interfaces.
2024-04-01 17:19:53.313  INFO 30380 --- [main] c.a.d.s.b.a.DruidDataSourceAutoConfigure : Init DruidDataSource
2024-04-01 17:19:54.758  INFO 30380 --- [main] com.alibaba.druid.pool.DruidDataSource   : {dataSource-1} inited
2024-04-01 17:19:58.230  INFO 30380 --- [main] o.s.b.a.w.s.WelcomePageHandlerMapping    : Adding welcome page: class path resource [static/index.html]
2024-04-01 17:19:58.659  INFO 30380 --- [main] com.fhs.common.spring.SpringContextUtil  : ------SpringContextUtil setApplicationContext-------
2024-04-01 17:20:00.152  INFO 30380 --- [main] com.shou.hpsys.HpsysApplicationTests     : Started HpsysApplicationTests in 15.84 seconds (JVM running for 18.493)
2024-04-01 17:20:01.167  INFO 30380 --- [SpringApplicationShutdownHook] com.alibaba.druid.pool.DruidDataSource   : {dataSource-1} closing ...
2024-04-01 17:20:01.212  INFO 30380 --- [SpringApplicationShutdownHook] com.alibaba.druid.pool.DruidDataSource   : {dataSource-1} closed
